{"C:\\Users\\agash\\Desktop\\AF\\AF-backend-express\\controllers\\adminController.js": {"path":"C:\\Users\\agash\\Desktop\\AF\\AF-backend-express\\controllers\\adminController.js","statementMap":{"0":{"start":{"line":7,"column":33},"end":{"line":49,"column":1}},"1":{"start":{"line":8,"column":4},"end":{"line":48,"column":5}},"2":{"start":{"line":9,"column":29},"end":{"line":9,"column":65}},"3":{"start":{"line":10,"column":31},"end":{"line":10,"column":68}},"4":{"start":{"line":12,"column":33},"end":{"line":12,"column":92}},"5":{"start":{"line":13,"column":35},"end":{"line":13,"column":94}},"6":{"start":{"line":16,"column":23},"end":{"line":16,"column":107}},"7":{"start":{"line":17,"column":28},"end":{"line":17,"column":52}},"8":{"start":{"line":19,"column":28},"end":{"line":23,"column":10}},"9":{"start":{"line":25,"column":29},"end":{"line":29,"column":10}},"10":{"start":{"line":31,"column":26},"end":{"line":35,"column":10}},"11":{"start":{"line":32,"column":27},"end":{"line":32,"column":81}},"12":{"start":{"line":32,"column":49},"end":{"line":32,"column":68}},"13":{"start":{"line":33,"column":28},"end":{"line":33,"column":83}},"14":{"start":{"line":33,"column":51},"end":{"line":33,"column":70}},"15":{"start":{"line":34,"column":12},"end":{"line":34,"column":72}},"16":{"start":{"line":37,"column":8},"end":{"line":45,"column":11}},"17":{"start":{"line":47,"column":8},"end":{"line":47,"column":57}},"18":{"start":{"line":51,"column":36},"end":{"line":167,"column":1}},"19":{"start":{"line":52,"column":4},"end":{"line":166,"column":5}},"20":{"start":{"line":53,"column":90},"end":{"line":53,"column":99}},"21":{"start":{"line":55,"column":27},"end":{"line":55,"column":29}},"22":{"start":{"line":56,"column":28},"end":{"line":56,"column":30}},"23":{"start":{"line":59,"column":8},"end":{"line":68,"column":9}},"24":{"start":{"line":61,"column":26},"end":{"line":61,"column":45}},"25":{"start":{"line":62,"column":24},"end":{"line":62,"column":41}},"26":{"start":{"line":63,"column":12},"end":{"line":67,"column":13}},"27":{"start":{"line":64,"column":16},"end":{"line":64,"column":46}},"28":{"start":{"line":65,"column":16},"end":{"line":65,"column":68}},"29":{"start":{"line":66,"column":16},"end":{"line":66,"column":69}},"30":{"start":{"line":71,"column":8},"end":{"line":74,"column":9}},"31":{"start":{"line":72,"column":12},"end":{"line":72,"column":45}},"32":{"start":{"line":73,"column":12},"end":{"line":73,"column":46}},"33":{"start":{"line":76,"column":8},"end":{"line":78,"column":9}},"34":{"start":{"line":77,"column":12},"end":{"line":77,"column":47}},"35":{"start":{"line":80,"column":8},"end":{"line":82,"column":9}},"36":{"start":{"line":81,"column":12},"end":{"line":81,"column":49}},"37":{"start":{"line":84,"column":8},"end":{"line":86,"column":9}},"38":{"start":{"line":85,"column":12},"end":{"line":85,"column":47}},"39":{"start":{"line":88,"column":24},"end":{"line":90,"column":55}},"40":{"start":{"line":91,"column":26},"end":{"line":92,"column":51}},"41":{"start":{"line":94,"column":25},"end":{"line":97,"column":71}},"42":{"start":{"line":95,"column":33},"end":{"line":95,"column":62}},"43":{"start":{"line":96,"column":35},"end":{"line":96,"column":67}},"44":{"start":{"line":97,"column":25},"end":{"line":97,"column":70}},"45":{"start":{"line":102,"column":25},"end":{"line":105,"column":9}},"46":{"start":{"line":108,"column":34},"end":{"line":108,"column":36}},"47":{"start":{"line":109,"column":8},"end":{"line":109,"column":99}},"48":{"start":{"line":109,"column":29},"end":{"line":109,"column":97}},"49":{"start":{"line":110,"column":32},"end":{"line":110,"column":115}},"50":{"start":{"line":110,"column":73},"end":{"line":110,"column":113}},"51":{"start":{"line":112,"column":35},"end":{"line":112,"column":37}},"52":{"start":{"line":113,"column":8},"end":{"line":113,"column":103}},"53":{"start":{"line":113,"column":31},"end":{"line":113,"column":101}},"54":{"start":{"line":114,"column":34},"end":{"line":114,"column":119}},"55":{"start":{"line":114,"column":76},"end":{"line":114,"column":117}},"56":{"start":{"line":117,"column":32},"end":{"line":117,"column":34}},"57":{"start":{"line":118,"column":23},"end":{"line":118,"column":107}},"58":{"start":{"line":121,"column":8},"end":{"line":135,"column":9}},"59":{"start":{"line":122,"column":27},"end":{"line":122,"column":46}},"60":{"start":{"line":123,"column":25},"end":{"line":123,"column":42}},"61":{"start":{"line":124,"column":13},"end":{"line":134,"column":14}},"62":{"start":{"line":125,"column":31},"end":{"line":125,"column":46}},"63":{"start":{"line":126,"column":17},"end":{"line":126,"column":36}},"64":{"start":{"line":127,"column":17},"end":{"line":133,"column":18}},"65":{"start":{"line":128,"column":39},"end":{"line":128,"column":65}},"66":{"start":{"line":129,"column":34},"end":{"line":129,"column":55}},"67":{"start":{"line":130,"column":33},"end":{"line":130,"column":55}},"68":{"start":{"line":131,"column":21},"end":{"line":131,"column":138}},"69":{"start":{"line":132,"column":21},"end":{"line":132,"column":62}},"70":{"start":{"line":137,"column":8},"end":{"line":151,"column":11}},"71":{"start":{"line":138,"column":25},"end":{"line":138,"column":49}},"72":{"start":{"line":139,"column":30},"end":{"line":139,"column":53}},"73":{"start":{"line":140,"column":25},"end":{"line":140,"column":43}},"74":{"start":{"line":141,"column":24},"end":{"line":141,"column":46}},"75":{"start":{"line":143,"column":12},"end":{"line":145,"column":13}},"76":{"start":{"line":144,"column":16},"end":{"line":144,"column":130}},"77":{"start":{"line":146,"column":12},"end":{"line":150,"column":13}},"78":{"start":{"line":147,"column":16},"end":{"line":147,"column":50}},"79":{"start":{"line":149,"column":16},"end":{"line":149,"column":52}},"80":{"start":{"line":153,"column":26},"end":{"line":153,"column":130}},"81":{"start":{"line":153,"column":72},"end":{"line":153,"column":93}},"82":{"start":{"line":153,"column":125},"end":{"line":153,"column":129}},"83":{"start":{"line":155,"column":8},"end":{"line":163,"column":11}},"84":{"start":{"line":165,"column":8},"end":{"line":165,"column":57}},"85":{"start":{"line":169,"column":29},"end":{"line":191,"column":1}},"86":{"start":{"line":170,"column":25},"end":{"line":170,"column":35}},"87":{"start":{"line":171,"column":23},"end":{"line":171,"column":31}},"88":{"start":{"line":173,"column":4},"end":{"line":190,"column":5}},"89":{"start":{"line":175,"column":8},"end":{"line":181,"column":9}},"90":{"start":{"line":176,"column":12},"end":{"line":176,"column":91}},"91":{"start":{"line":177,"column":15},"end":{"line":181,"column":9}},"92":{"start":{"line":178,"column":12},"end":{"line":178,"column":92}},"93":{"start":{"line":180,"column":12},"end":{"line":180,"column":77}},"94":{"start":{"line":183,"column":8},"end":{"line":185,"column":9}},"95":{"start":{"line":184,"column":12},"end":{"line":184,"column":82}},"96":{"start":{"line":187,"column":8},"end":{"line":187,"column":85}},"97":{"start":{"line":189,"column":8},"end":{"line":189,"column":57}},"98":{"start":{"line":193,"column":29},"end":{"line":214,"column":1}},"99":{"start":{"line":194,"column":25},"end":{"line":194,"column":35}},"100":{"start":{"line":196,"column":4},"end":{"line":213,"column":5}},"101":{"start":{"line":198,"column":8},"end":{"line":204,"column":9}},"102":{"start":{"line":199,"column":12},"end":{"line":199,"column":64}},"103":{"start":{"line":200,"column":15},"end":{"line":204,"column":9}},"104":{"start":{"line":201,"column":12},"end":{"line":201,"column":65}},"105":{"start":{"line":203,"column":12},"end":{"line":203,"column":77}},"106":{"start":{"line":206,"column":8},"end":{"line":208,"column":9}},"107":{"start":{"line":207,"column":12},"end":{"line":207,"column":82}},"108":{"start":{"line":210,"column":8},"end":{"line":210,"column":70}},"109":{"start":{"line":212,"column":8},"end":{"line":212,"column":57}},"110":{"start":{"line":217,"column":24},"end":{"line":224,"column":1}},"111":{"start":{"line":218,"column":4},"end":{"line":223,"column":5}},"112":{"start":{"line":219,"column":22},"end":{"line":219,"column":59}},"113":{"start":{"line":220,"column":8},"end":{"line":220,"column":36}},"114":{"start":{"line":222,"column":8},"end":{"line":222,"column":89}},"115":{"start":{"line":226,"column":30},"end":{"line":247,"column":1}},"116":{"start":{"line":227,"column":4},"end":{"line":246,"column":5}},"117":{"start":{"line":228,"column":23},"end":{"line":228,"column":33}},"118":{"start":{"line":229,"column":25},"end":{"line":229,"column":33}},"119":{"start":{"line":231,"column":21},"end":{"line":231,"column":78}},"120":{"start":{"line":233,"column":24},"end":{"line":233,"column":90}},"121":{"start":{"line":234,"column":8},"end":{"line":241,"column":9}},"122":{"start":{"line":235,"column":12},"end":{"line":240,"column":15}},"123":{"start":{"line":243,"column":8},"end":{"line":243,"column":35}},"124":{"start":{"line":245,"column":8},"end":{"line":245,"column":89}},"125":{"start":{"line":249,"column":31},"end":{"line":272,"column":1}},"126":{"start":{"line":250,"column":4},"end":{"line":271,"column":5}},"127":{"start":{"line":251,"column":23},"end":{"line":251,"column":33}},"128":{"start":{"line":252,"column":21},"end":{"line":252,"column":44}},"129":{"start":{"line":253,"column":8},"end":{"line":253,"column":78}},"130":{"start":{"line":253,"column":19},"end":{"line":253,"column":78}},"131":{"start":{"line":255,"column":8},"end":{"line":255,"column":41}},"132":{"start":{"line":256,"column":8},"end":{"line":256,"column":26}},"133":{"start":{"line":258,"column":24},"end":{"line":258,"column":90}},"134":{"start":{"line":259,"column":8},"end":{"line":266,"column":9}},"135":{"start":{"line":260,"column":12},"end":{"line":265,"column":15}},"136":{"start":{"line":268,"column":8},"end":{"line":268,"column":35}},"137":{"start":{"line":270,"column":8},"end":{"line":270,"column":97}},"138":{"start":{"line":275,"column":28},"end":{"line":292,"column":1}},"139":{"start":{"line":276,"column":4},"end":{"line":291,"column":5}},"140":{"start":{"line":277,"column":26},"end":{"line":277,"column":83}},"141":{"start":{"line":280,"column":29},"end":{"line":286,"column":11}},"142":{"start":{"line":281,"column":37},"end":{"line":281,"column":120}},"143":{"start":{"line":282,"column":12},"end":{"line":285,"column":14}},"144":{"start":{"line":288,"column":8},"end":{"line":288,"column":43}},"145":{"start":{"line":290,"column":8},"end":{"line":290,"column":93}},"146":{"start":{"line":295,"column":31},"end":{"line":302,"column":1}},"147":{"start":{"line":296,"column":4},"end":{"line":301,"column":5}},"148":{"start":{"line":297,"column":21},"end":{"line":297,"column":117}},"149":{"start":{"line":298,"column":8},"end":{"line":298,"column":35}},"150":{"start":{"line":300,"column":8},"end":{"line":300,"column":97}},"151":{"start":{"line":305,"column":27},"end":{"line":315,"column":1}},"152":{"start":{"line":306,"column":4},"end":{"line":314,"column":5}},"153":{"start":{"line":307,"column":23},"end":{"line":307,"column":47}},"154":{"start":{"line":308,"column":8},"end":{"line":310,"column":9}},"155":{"start":{"line":309,"column":12},"end":{"line":309,"column":49}},"156":{"start":{"line":311,"column":8},"end":{"line":311,"column":39}},"157":{"start":{"line":313,"column":8},"end":{"line":313,"column":92}},"158":{"start":{"line":317,"column":30},"end":{"line":330,"column":1}},"159":{"start":{"line":318,"column":4},"end":{"line":329,"column":5}},"160":{"start":{"line":319,"column":23},"end":{"line":319,"column":47}},"161":{"start":{"line":320,"column":8},"end":{"line":324,"column":9}},"162":{"start":{"line":321,"column":12},"end":{"line":321,"column":46}},"163":{"start":{"line":323,"column":12},"end":{"line":323,"column":46}},"164":{"start":{"line":325,"column":8},"end":{"line":325,"column":30}},"165":{"start":{"line":326,"column":8},"end":{"line":326,"column":39}},"166":{"start":{"line":328,"column":8},"end":{"line":328,"column":93}}},"fnMap":{"0":{"name":"(anonymous_0)","decl":{"start":{"line":7,"column":33},"end":{"line":7,"column":34}},"loc":{"start":{"line":7,"column":53},"end":{"line":49,"column":1}},"line":7},"1":{"name":"(anonymous_1)","decl":{"start":{"line":31,"column":37},"end":{"line":31,"column":38}},"loc":{"start":{"line":31,"column":55},"end":{"line":35,"column":9}},"line":31},"2":{"name":"(anonymous_2)","decl":{"start":{"line":32,"column":44},"end":{"line":32,"column":45}},"loc":{"start":{"line":32,"column":49},"end":{"line":32,"column":68}},"line":32},"3":{"name":"(anonymous_3)","decl":{"start":{"line":33,"column":46},"end":{"line":33,"column":47}},"loc":{"start":{"line":33,"column":51},"end":{"line":33,"column":70}},"line":33},"4":{"name":"(anonymous_4)","decl":{"start":{"line":51,"column":36},"end":{"line":51,"column":37}},"loc":{"start":{"line":51,"column":56},"end":{"line":167,"column":1}},"line":51},"5":{"name":"(anonymous_5)","decl":{"start":{"line":95,"column":27},"end":{"line":95,"column":28}},"loc":{"start":{"line":95,"column":33},"end":{"line":95,"column":62}},"line":95},"6":{"name":"(anonymous_6)","decl":{"start":{"line":96,"column":29},"end":{"line":96,"column":30}},"loc":{"start":{"line":96,"column":35},"end":{"line":96,"column":67}},"line":96},"7":{"name":"(anonymous_7)","decl":{"start":{"line":97,"column":15},"end":{"line":97,"column":16}},"loc":{"start":{"line":97,"column":25},"end":{"line":97,"column":70}},"line":97},"8":{"name":"(anonymous_8)","decl":{"start":{"line":109,"column":24},"end":{"line":109,"column":25}},"loc":{"start":{"line":109,"column":29},"end":{"line":109,"column":97}},"line":109},"9":{"name":"(anonymous_9)","decl":{"start":{"line":110,"column":67},"end":{"line":110,"column":68}},"loc":{"start":{"line":110,"column":73},"end":{"line":110,"column":113}},"line":110},"10":{"name":"(anonymous_10)","decl":{"start":{"line":113,"column":26},"end":{"line":113,"column":27}},"loc":{"start":{"line":113,"column":31},"end":{"line":113,"column":101}},"line":113},"11":{"name":"(anonymous_11)","decl":{"start":{"line":114,"column":70},"end":{"line":114,"column":71}},"loc":{"start":{"line":114,"column":76},"end":{"line":114,"column":117}},"line":114},"12":{"name":"(anonymous_12)","decl":{"start":{"line":137,"column":25},"end":{"line":137,"column":26}},"loc":{"start":{"line":137,"column":33},"end":{"line":151,"column":9}},"line":137},"13":{"name":"(anonymous_13)","decl":{"start":{"line":153,"column":62},"end":{"line":153,"column":63}},"loc":{"start":{"line":153,"column":72},"end":{"line":153,"column":93}},"line":153},"14":{"name":"(anonymous_14)","decl":{"start":{"line":153,"column":99},"end":{"line":153,"column":100}},"loc":{"start":{"line":153,"column":125},"end":{"line":153,"column":129}},"line":153},"15":{"name":"(anonymous_15)","decl":{"start":{"line":169,"column":29},"end":{"line":169,"column":30}},"loc":{"start":{"line":169,"column":49},"end":{"line":191,"column":1}},"line":169},"16":{"name":"(anonymous_16)","decl":{"start":{"line":193,"column":29},"end":{"line":193,"column":30}},"loc":{"start":{"line":193,"column":49},"end":{"line":214,"column":1}},"line":193},"17":{"name":"(anonymous_17)","decl":{"start":{"line":217,"column":24},"end":{"line":217,"column":25}},"loc":{"start":{"line":217,"column":44},"end":{"line":224,"column":1}},"line":217},"18":{"name":"(anonymous_18)","decl":{"start":{"line":226,"column":30},"end":{"line":226,"column":31}},"loc":{"start":{"line":226,"column":50},"end":{"line":247,"column":1}},"line":226},"19":{"name":"(anonymous_19)","decl":{"start":{"line":249,"column":31},"end":{"line":249,"column":32}},"loc":{"start":{"line":249,"column":51},"end":{"line":272,"column":1}},"line":249},"20":{"name":"(anonymous_20)","decl":{"start":{"line":275,"column":28},"end":{"line":275,"column":29}},"loc":{"start":{"line":275,"column":48},"end":{"line":292,"column":1}},"line":275},"21":{"name":"(anonymous_21)","decl":{"start":{"line":280,"column":61},"end":{"line":280,"column":62}},"loc":{"start":{"line":280,"column":81},"end":{"line":286,"column":9}},"line":280},"22":{"name":"(anonymous_22)","decl":{"start":{"line":295,"column":31},"end":{"line":295,"column":32}},"loc":{"start":{"line":295,"column":51},"end":{"line":302,"column":1}},"line":295},"23":{"name":"(anonymous_23)","decl":{"start":{"line":305,"column":27},"end":{"line":305,"column":28}},"loc":{"start":{"line":305,"column":47},"end":{"line":315,"column":1}},"line":305},"24":{"name":"(anonymous_24)","decl":{"start":{"line":317,"column":30},"end":{"line":317,"column":31}},"loc":{"start":{"line":317,"column":50},"end":{"line":330,"column":1}},"line":317}},"branchMap":{"0":{"loc":{"start":{"line":32,"column":27},"end":{"line":32,"column":81}},"type":"binary-expr","locations":[{"start":{"line":32,"column":27},"end":{"line":32,"column":76}},{"start":{"line":32,"column":80},"end":{"line":32,"column":81}}],"line":32},"1":{"loc":{"start":{"line":33,"column":28},"end":{"line":33,"column":83}},"type":"binary-expr","locations":[{"start":{"line":33,"column":28},"end":{"line":33,"column":78}},{"start":{"line":33,"column":82},"end":{"line":33,"column":83}}],"line":33},"2":{"loc":{"start":{"line":59,"column":8},"end":{"line":68,"column":9}},"type":"if","locations":[{"start":{"line":59,"column":8},"end":{"line":68,"column":9}},{"start":{},"end":{}}],"line":59},"3":{"loc":{"start":{"line":59,"column":12},"end":{"line":59,"column":55}},"type":"binary-expr","locations":[{"start":{"line":59,"column":12},"end":{"line":59,"column":21}},{"start":{"line":59,"column":25},"end":{"line":59,"column":32}},{"start":{"line":59,"column":36},"end":{"line":59,"column":55}}],"line":59},"4":{"loc":{"start":{"line":63,"column":12},"end":{"line":67,"column":13}},"type":"if","locations":[{"start":{"line":63,"column":12},"end":{"line":67,"column":13}},{"start":{},"end":{}}],"line":63},"5":{"loc":{"start":{"line":63,"column":16},"end":{"line":63,"column":64}},"type":"binary-expr","locations":[{"start":{"line":63,"column":16},"end":{"line":63,"column":39}},{"start":{"line":63,"column":43},"end":{"line":63,"column":64}}],"line":63},"6":{"loc":{"start":{"line":71,"column":8},"end":{"line":74,"column":9}},"type":"if","locations":[{"start":{"line":71,"column":8},"end":{"line":74,"column":9}},{"start":{},"end":{}}],"line":71},"7":{"loc":{"start":{"line":71,"column":12},"end":{"line":71,"column":61}},"type":"binary-expr","locations":[{"start":{"line":71,"column":12},"end":{"line":71,"column":20}},{"start":{"line":71,"column":24},"end":{"line":71,"column":42}},{"start":{"line":71,"column":46},"end":{"line":71,"column":61}}],"line":71},"8":{"loc":{"start":{"line":76,"column":8},"end":{"line":78,"column":9}},"type":"if","locations":[{"start":{"line":76,"column":8},"end":{"line":78,"column":9}},{"start":{},"end":{}}],"line":76},"9":{"loc":{"start":{"line":76,"column":12},"end":{"line":76,"column":73}},"type":"binary-expr","locations":[{"start":{"line":76,"column":12},"end":{"line":76,"column":24}},{"start":{"line":76,"column":28},"end":{"line":76,"column":50}},{"start":{"line":76,"column":54},"end":{"line":76,"column":73}}],"line":76},"10":{"loc":{"start":{"line":80,"column":8},"end":{"line":82,"column":9}},"type":"if","locations":[{"start":{"line":80,"column":8},"end":{"line":82,"column":9}},{"start":{},"end":{}}],"line":80},"11":{"loc":{"start":{"line":80,"column":12},"end":{"line":80,"column":76}},"type":"binary-expr","locations":[{"start":{"line":80,"column":12},"end":{"line":80,"column":25}},{"start":{"line":80,"column":29},"end":{"line":80,"column":52}},{"start":{"line":80,"column":56},"end":{"line":80,"column":76}}],"line":80},"12":{"loc":{"start":{"line":84,"column":8},"end":{"line":86,"column":9}},"type":"if","locations":[{"start":{"line":84,"column":8},"end":{"line":86,"column":9}},{"start":{},"end":{}}],"line":84},"13":{"loc":{"start":{"line":84,"column":12},"end":{"line":84,"column":67}},"type":"binary-expr","locations":[{"start":{"line":84,"column":12},"end":{"line":84,"column":22}},{"start":{"line":84,"column":26},"end":{"line":84,"column":46}},{"start":{"line":84,"column":50},"end":{"line":84,"column":67}}],"line":84},"14":{"loc":{"start":{"line":109,"column":60},"end":{"line":109,"column":92}},"type":"binary-expr","locations":[{"start":{"line":109,"column":60},"end":{"line":109,"column":87}},{"start":{"line":109,"column":91},"end":{"line":109,"column":92}}],"line":109},"15":{"loc":{"start":{"line":113,"column":63},"end":{"line":113,"column":96}},"type":"binary-expr","locations":[{"start":{"line":113,"column":63},"end":{"line":113,"column":91}},{"start":{"line":113,"column":95},"end":{"line":113,"column":96}}],"line":113},"16":{"loc":{"start":{"line":121,"column":8},"end":{"line":135,"column":9}},"type":"if","locations":[{"start":{"line":121,"column":8},"end":{"line":135,"column":9}},{"start":{},"end":{}}],"line":121},"17":{"loc":{"start":{"line":121,"column":12},"end":{"line":121,"column":55}},"type":"binary-expr","locations":[{"start":{"line":121,"column":12},"end":{"line":121,"column":21}},{"start":{"line":121,"column":25},"end":{"line":121,"column":32}},{"start":{"line":121,"column":36},"end":{"line":121,"column":55}}],"line":121},"18":{"loc":{"start":{"line":124,"column":13},"end":{"line":134,"column":14}},"type":"if","locations":[{"start":{"line":124,"column":13},"end":{"line":134,"column":14}},{"start":{},"end":{}}],"line":124},"19":{"loc":{"start":{"line":124,"column":17},"end":{"line":124,"column":65}},"type":"binary-expr","locations":[{"start":{"line":124,"column":17},"end":{"line":124,"column":40}},{"start":{"line":124,"column":44},"end":{"line":124,"column":65}}],"line":124},"20":{"loc":{"start":{"line":143,"column":12},"end":{"line":145,"column":13}},"type":"if","locations":[{"start":{"line":143,"column":12},"end":{"line":145,"column":13}},{"start":{},"end":{}}],"line":143},"21":{"loc":{"start":{"line":146,"column":12},"end":{"line":150,"column":13}},"type":"if","locations":[{"start":{"line":146,"column":12},"end":{"line":150,"column":13}},{"start":{"line":148,"column":19},"end":{"line":150,"column":13}}],"line":146},"22":{"loc":{"start":{"line":175,"column":8},"end":{"line":181,"column":9}},"type":"if","locations":[{"start":{"line":175,"column":8},"end":{"line":181,"column":9}},{"start":{"line":177,"column":15},"end":{"line":181,"column":9}}],"line":175},"23":{"loc":{"start":{"line":177,"column":15},"end":{"line":181,"column":9}},"type":"if","locations":[{"start":{"line":177,"column":15},"end":{"line":181,"column":9}},{"start":{"line":179,"column":15},"end":{"line":181,"column":9}}],"line":177},"24":{"loc":{"start":{"line":183,"column":8},"end":{"line":185,"column":9}},"type":"if","locations":[{"start":{"line":183,"column":8},"end":{"line":185,"column":9}},{"start":{},"end":{}}],"line":183},"25":{"loc":{"start":{"line":198,"column":8},"end":{"line":204,"column":9}},"type":"if","locations":[{"start":{"line":198,"column":8},"end":{"line":204,"column":9}},{"start":{"line":200,"column":15},"end":{"line":204,"column":9}}],"line":198},"26":{"loc":{"start":{"line":200,"column":15},"end":{"line":204,"column":9}},"type":"if","locations":[{"start":{"line":200,"column":15},"end":{"line":204,"column":9}},{"start":{"line":202,"column":15},"end":{"line":204,"column":9}}],"line":200},"27":{"loc":{"start":{"line":206,"column":8},"end":{"line":208,"column":9}},"type":"if","locations":[{"start":{"line":206,"column":8},"end":{"line":208,"column":9}},{"start":{},"end":{}}],"line":206},"28":{"loc":{"start":{"line":233,"column":24},"end":{"line":233,"column":90}},"type":"cond-expr","locations":[{"start":{"line":233,"column":36},"end":{"line":233,"column":82}},{"start":{"line":233,"column":86},"end":{"line":233,"column":90}}],"line":233},"29":{"loc":{"start":{"line":233,"column":36},"end":{"line":233,"column":82}},"type":"binary-expr","locations":[{"start":{"line":233,"column":36},"end":{"line":233,"column":47}},{"start":{"line":233,"column":51},"end":{"line":233,"column":63}},{"start":{"line":233,"column":67},"end":{"line":233,"column":82}}],"line":233},"30":{"loc":{"start":{"line":234,"column":8},"end":{"line":241,"column":9}},"type":"if","locations":[{"start":{"line":234,"column":8},"end":{"line":241,"column":9}},{"start":{},"end":{}}],"line":234},"31":{"loc":{"start":{"line":253,"column":8},"end":{"line":253,"column":78}},"type":"if","locations":[{"start":{"line":253,"column":8},"end":{"line":253,"column":78}},{"start":{},"end":{}}],"line":253},"32":{"loc":{"start":{"line":258,"column":24},"end":{"line":258,"column":90}},"type":"cond-expr","locations":[{"start":{"line":258,"column":36},"end":{"line":258,"column":82}},{"start":{"line":258,"column":86},"end":{"line":258,"column":90}}],"line":258},"33":{"loc":{"start":{"line":258,"column":36},"end":{"line":258,"column":82}},"type":"binary-expr","locations":[{"start":{"line":258,"column":36},"end":{"line":258,"column":47}},{"start":{"line":258,"column":51},"end":{"line":258,"column":63}},{"start":{"line":258,"column":67},"end":{"line":258,"column":82}}],"line":258},"34":{"loc":{"start":{"line":259,"column":8},"end":{"line":266,"column":9}},"type":"if","locations":[{"start":{"line":259,"column":8},"end":{"line":266,"column":9}},{"start":{},"end":{}}],"line":259},"35":{"loc":{"start":{"line":262,"column":24},"end":{"line":262,"column":74}},"type":"cond-expr","locations":[{"start":{"line":262,"column":41},"end":{"line":262,"column":55}},{"start":{"line":262,"column":58},"end":{"line":262,"column":74}}],"line":262},"36":{"loc":{"start":{"line":308,"column":8},"end":{"line":310,"column":9}},"type":"if","locations":[{"start":{"line":308,"column":8},"end":{"line":310,"column":9}},{"start":{},"end":{}}],"line":308},"37":{"loc":{"start":{"line":320,"column":8},"end":{"line":324,"column":9}},"type":"if","locations":[{"start":{"line":320,"column":8},"end":{"line":324,"column":9}},{"start":{"line":322,"column":15},"end":{"line":324,"column":9}}],"line":320}},"s":{"0":0,"1":0,"2":0,"3":0,"4":0,"5":0,"6":0,"7":0,"8":0,"9":0,"10":0,"11":0,"12":0,"13":0,"14":0,"15":0,"16":0,"17":0,"18":0,"19":0,"20":0,"21":0,"22":0,"23":0,"24":0,"25":0,"26":0,"27":0,"28":0,"29":0,"30":0,"31":0,"32":0,"33":0,"34":0,"35":0,"36":0,"37":0,"38":0,"39":0,"40":0,"41":0,"42":0,"43":0,"44":0,"45":0,"46":0,"47":0,"48":0,"49":0,"50":0,"51":0,"52":0,"53":0,"54":0,"55":0,"56":0,"57":0,"58":0,"59":0,"60":0,"61":0,"62":0,"63":0,"64":0,"65":0,"66":0,"67":0,"68":0,"69":0,"70":0,"71":0,"72":0,"73":0,"74":0,"75":0,"76":0,"77":0,"78":0,"79":0,"80":0,"81":0,"82":0,"83":0,"84":0,"85":0,"86":0,"87":0,"88":0,"89":0,"90":0,"91":0,"92":0,"93":0,"94":0,"95":0,"96":0,"97":0,"98":0,"99":0,"100":0,"101":0,"102":0,"103":0,"104":0,"105":0,"106":0,"107":0,"108":0,"109":0,"110":0,"111":0,"112":0,"113":0,"114":0,"115":0,"116":0,"117":0,"118":0,"119":0,"120":0,"121":0,"122":0,"123":0,"124":0,"125":0,"126":0,"127":0,"128":0,"129":0,"130":0,"131":0,"132":0,"133":0,"134":0,"135":0,"136":0,"137":0,"138":0,"139":0,"140":0,"141":0,"142":0,"143":0,"144":0,"145":0,"146":0,"147":0,"148":0,"149":0,"150":0,"151":0,"152":0,"153":0,"154":0,"155":0,"156":0,"157":0,"158":0,"159":0,"160":0,"161":0,"162":0,"163":0,"164":0,"165":0,"166":0},"f":{"0":0,"1":0,"2":0,"3":0,"4":0,"5":0,"6":0,"7":0,"8":0,"9":0,"10":0,"11":0,"12":0,"13":0,"14":0,"15":0,"16":0,"17":0,"18":0,"19":0,"20":0,"21":0,"22":0,"23":0,"24":0},"b":{"0":[0,0],"1":[0,0],"2":[0,0],"3":[0,0,0],"4":[0,0],"5":[0,0],"6":[0,0],"7":[0,0,0],"8":[0,0],"9":[0,0,0],"10":[0,0],"11":[0,0,0],"12":[0,0],"13":[0,0,0],"14":[0,0],"15":[0,0],"16":[0,0],"17":[0,0,0],"18":[0,0],"19":[0,0],"20":[0,0],"21":[0,0],"22":[0,0],"23":[0,0],"24":[0,0],"25":[0,0],"26":[0,0],"27":[0,0],"28":[0,0],"29":[0,0,0],"30":[0,0],"31":[0,0],"32":[0,0],"33":[0,0,0],"34":[0,0],"35":[0,0],"36":[0,0],"37":[0,0]},"inputSourceMap":null}
,"C:\\Users\\agash\\Desktop\\AF\\AF-backend-express\\controllers\\productController.js": {"path":"C:\\Users\\agash\\Desktop\\AF\\AF-backend-express\\controllers\\productController.js","statementMap":{"0":{"start":{"line":7,"column":4},"end":{"line":11,"column":5}},"1":{"start":{"line":8,"column":8},"end":{"line":10,"column":11}},"2":{"start":{"line":13,"column":4},"end":{"line":58,"column":5}},"3":{"start":{"line":15,"column":35},"end":{"line":15,"column":54}},"4":{"start":{"line":18,"column":26},"end":{"line":18,"column":119}},"5":{"start":{"line":21,"column":24},"end":{"line":21,"column":57}},"6":{"start":{"line":23,"column":24},"end":{"line":43,"column":10}},"7":{"start":{"line":45,"column":8},"end":{"line":45,"column":29}},"8":{"start":{"line":47,"column":8},"end":{"line":50,"column":11}},"9":{"start":{"line":53,"column":8},"end":{"line":53,"column":71}},"10":{"start":{"line":54,"column":8},"end":{"line":57,"column":11}},"11":{"start":{"line":65,"column":4},"end":{"line":69,"column":5}},"12":{"start":{"line":66,"column":8},"end":{"line":68,"column":11}},"13":{"start":{"line":71,"column":4},"end":{"line":85,"column":5}},"14":{"start":{"line":72,"column":27},"end":{"line":72,"column":59}},"15":{"start":{"line":74,"column":25},"end":{"line":76,"column":10}},"16":{"start":{"line":78,"column":8},"end":{"line":78,"column":27}},"17":{"start":{"line":81,"column":8},"end":{"line":81,"column":67}},"18":{"start":{"line":82,"column":8},"end":{"line":84,"column":11}},"19":{"start":{"line":92,"column":4},"end":{"line":96,"column":5}},"20":{"start":{"line":93,"column":8},"end":{"line":95,"column":11}},"21":{"start":{"line":98,"column":4},"end":{"line":117,"column":5}},"22":{"start":{"line":100,"column":24},"end":{"line":103,"column":10}},"23":{"start":{"line":105,"column":8},"end":{"line":109,"column":9}},"24":{"start":{"line":106,"column":12},"end":{"line":108,"column":15}},"25":{"start":{"line":111,"column":8},"end":{"line":111,"column":26}},"26":{"start":{"line":114,"column":8},"end":{"line":116,"column":11}},"27":{"start":{"line":125,"column":4},"end":{"line":129,"column":5}},"28":{"start":{"line":126,"column":8},"end":{"line":128,"column":11}},"29":{"start":{"line":131,"column":4},"end":{"line":168,"column":5}},"30":{"start":{"line":133,"column":24},"end":{"line":136,"column":10}},"31":{"start":{"line":138,"column":8},"end":{"line":142,"column":9}},"32":{"start":{"line":139,"column":12},"end":{"line":141,"column":15}},"33":{"start":{"line":145,"column":31},"end":{"line":145,"column":45}},"34":{"start":{"line":147,"column":8},"end":{"line":147,"column":41}},"35":{"start":{"line":150,"column":8},"end":{"line":155,"column":9}},"36":{"start":{"line":151,"column":12},"end":{"line":154,"column":15}},"37":{"start":{"line":157,"column":8},"end":{"line":157,"column":29}},"38":{"start":{"line":159,"column":8},"end":{"line":162,"column":11}},"39":{"start":{"line":165,"column":8},"end":{"line":167,"column":11}},"40":{"start":{"line":175,"column":4},"end":{"line":179,"column":5}},"41":{"start":{"line":176,"column":8},"end":{"line":178,"column":11}},"42":{"start":{"line":181,"column":4},"end":{"line":202,"column":5}},"43":{"start":{"line":183,"column":23},"end":{"line":186,"column":10}},"44":{"start":{"line":188,"column":8},"end":{"line":192,"column":9}},"45":{"start":{"line":189,"column":12},"end":{"line":191,"column":15}},"46":{"start":{"line":194,"column":8},"end":{"line":196,"column":11}},"47":{"start":{"line":199,"column":8},"end":{"line":201,"column":11}},"48":{"start":{"line":209,"column":4},"end":{"line":213,"column":5}},"49":{"start":{"line":210,"column":8},"end":{"line":212,"column":11}},"50":{"start":{"line":215,"column":4},"end":{"line":280,"column":5}},"51":{"start":{"line":217,"column":24},"end":{"line":220,"column":10}},"52":{"start":{"line":222,"column":8},"end":{"line":226,"column":9}},"53":{"start":{"line":223,"column":12},"end":{"line":225,"column":15}},"54":{"start":{"line":228,"column":66},"end":{"line":228,"column":74}},"55":{"start":{"line":231,"column":26},"end":{"line":246,"column":9}},"56":{"start":{"line":249,"column":8},"end":{"line":254,"column":11}},"57":{"start":{"line":257,"column":8},"end":{"line":259,"column":9}},"58":{"start":{"line":258,"column":12},"end":{"line":258,"column":64}},"59":{"start":{"line":262,"column":8},"end":{"line":266,"column":9}},"60":{"start":{"line":263,"column":12},"end":{"line":263,"column":37}},"61":{"start":{"line":264,"column":15},"end":{"line":266,"column":9}},"62":{"start":{"line":265,"column":12},"end":{"line":265,"column":38}},"63":{"start":{"line":268,"column":8},"end":{"line":268,"column":29}},"64":{"start":{"line":270,"column":8},"end":{"line":273,"column":11}},"65":{"start":{"line":276,"column":8},"end":{"line":279,"column":11}},"66":{"start":{"line":287,"column":4},"end":{"line":289,"column":5}},"67":{"start":{"line":288,"column":8},"end":{"line":288,"column":72}},"68":{"start":{"line":291,"column":4},"end":{"line":320,"column":5}},"69":{"start":{"line":292,"column":37},"end":{"line":292,"column":45}},"70":{"start":{"line":293,"column":24},"end":{"line":296,"column":10}},"71":{"start":{"line":298,"column":8},"end":{"line":300,"column":9}},"72":{"start":{"line":299,"column":12},"end":{"line":299,"column":74}},"73":{"start":{"line":302,"column":8},"end":{"line":302,"column":38}},"74":{"start":{"line":303,"column":8},"end":{"line":303,"column":35}},"75":{"start":{"line":306,"column":8},"end":{"line":310,"column":11}},"76":{"start":{"line":312,"column":8},"end":{"line":312,"column":29}},"77":{"start":{"line":314,"column":8},"end":{"line":317,"column":11}},"78":{"start":{"line":319,"column":8},"end":{"line":319,"column":101}},"79":{"start":{"line":327,"column":4},"end":{"line":332,"column":5}},"80":{"start":{"line":328,"column":25},"end":{"line":328,"column":64}},"81":{"start":{"line":329,"column":8},"end":{"line":329,"column":27}},"82":{"start":{"line":331,"column":8},"end":{"line":331,"column":103}},"83":{"start":{"line":339,"column":4},"end":{"line":349,"column":5}},"84":{"start":{"line":340,"column":24},"end":{"line":340,"column":82}},"85":{"start":{"line":342,"column":8},"end":{"line":344,"column":9}},"86":{"start":{"line":343,"column":12},"end":{"line":343,"column":74}},"87":{"start":{"line":346,"column":8},"end":{"line":346,"column":26}},"88":{"start":{"line":348,"column":8},"end":{"line":348,"column":105}},"89":{"start":{"line":357,"column":4},"end":{"line":359,"column":5}},"90":{"start":{"line":358,"column":8},"end":{"line":358,"column":88}},"91":{"start":{"line":361,"column":4},"end":{"line":389,"column":5}},"92":{"start":{"line":363,"column":24},"end":{"line":366,"column":10}},"93":{"start":{"line":368,"column":8},"end":{"line":370,"column":9}},"94":{"start":{"line":369,"column":12},"end":{"line":369,"column":88}},"95":{"start":{"line":372,"column":8},"end":{"line":372,"column":32}},"96":{"start":{"line":373,"column":8},"end":{"line":373,"column":34}},"97":{"start":{"line":376,"column":8},"end":{"line":379,"column":11}},"98":{"start":{"line":381,"column":8},"end":{"line":381,"column":29}},"99":{"start":{"line":383,"column":8},"end":{"line":386,"column":11}},"100":{"start":{"line":388,"column":8},"end":{"line":388,"column":93}},"101":{"start":{"line":397,"column":4},"end":{"line":399,"column":5}},"102":{"start":{"line":398,"column":8},"end":{"line":398,"column":72}},"103":{"start":{"line":401,"column":4},"end":{"line":432,"column":5}},"104":{"start":{"line":402,"column":31},"end":{"line":402,"column":39}},"105":{"start":{"line":403,"column":24},"end":{"line":406,"column":10}},"106":{"start":{"line":408,"column":8},"end":{"line":410,"column":9}},"107":{"start":{"line":409,"column":12},"end":{"line":409,"column":74}},"108":{"start":{"line":412,"column":26},"end":{"line":412,"column":81}},"109":{"start":{"line":413,"column":8},"end":{"line":413,"column":35}},"110":{"start":{"line":416,"column":8},"end":{"line":422,"column":11}},"111":{"start":{"line":424,"column":8},"end":{"line":424,"column":29}},"112":{"start":{"line":426,"column":8},"end":{"line":429,"column":11}},"113":{"start":{"line":431,"column":8},"end":{"line":431,"column":90}},"114":{"start":{"line":440,"column":4},"end":{"line":442,"column":5}},"115":{"start":{"line":441,"column":8},"end":{"line":441,"column":72}},"116":{"start":{"line":444,"column":4},"end":{"line":471,"column":5}},"117":{"start":{"line":445,"column":24},"end":{"line":448,"column":10}},"118":{"start":{"line":450,"column":8},"end":{"line":452,"column":9}},"119":{"start":{"line":451,"column":12},"end":{"line":451,"column":74}},"120":{"start":{"line":454,"column":8},"end":{"line":454,"column":36}},"121":{"start":{"line":457,"column":8},"end":{"line":461,"column":11}},"122":{"start":{"line":463,"column":8},"end":{"line":463,"column":29}},"123":{"start":{"line":465,"column":8},"end":{"line":468,"column":11}},"124":{"start":{"line":470,"column":8},"end":{"line":470,"column":94}}},"fnMap":{"0":{"name":"createProduct","decl":{"start":{"line":6,"column":22},"end":{"line":6,"column":35}},"loc":{"start":{"line":6,"column":46},"end":{"line":59,"column":1}},"line":6},"1":{"name":"getProducts","decl":{"start":{"line":63,"column":22},"end":{"line":63,"column":33}},"loc":{"start":{"line":63,"column":44},"end":{"line":86,"column":1}},"line":63},"2":{"name":"getProductById","decl":{"start":{"line":90,"column":22},"end":{"line":90,"column":36}},"loc":{"start":{"line":90,"column":47},"end":{"line":118,"column":1}},"line":90},"3":{"name":"updateProduct","decl":{"start":{"line":123,"column":22},"end":{"line":123,"column":35}},"loc":{"start":{"line":123,"column":46},"end":{"line":169,"column":1}},"line":123},"4":{"name":"deleteProduct","decl":{"start":{"line":173,"column":22},"end":{"line":173,"column":35}},"loc":{"start":{"line":173,"column":46},"end":{"line":203,"column":1}},"line":173},"5":{"name":"addLifecycleEvent","decl":{"start":{"line":207,"column":22},"end":{"line":207,"column":39}},"loc":{"start":{"line":207,"column":50},"end":{"line":281,"column":1}},"line":207},"6":{"name":"toggleSellStatus","decl":{"start":{"line":286,"column":22},"end":{"line":286,"column":38}},"loc":{"start":{"line":286,"column":49},"end":{"line":321,"column":1}},"line":286},"7":{"name":"getMarketplaceProducts","decl":{"start":{"line":326,"column":22},"end":{"line":326,"column":44}},"loc":{"start":{"line":326,"column":55},"end":{"line":333,"column":1}},"line":326},"8":{"name":"getPublicProductDetails","decl":{"start":{"line":338,"column":22},"end":{"line":338,"column":45}},"loc":{"start":{"line":338,"column":56},"end":{"line":350,"column":1}},"line":338},"9":{"name":"buyProduct","decl":{"start":{"line":356,"column":22},"end":{"line":356,"column":32}},"loc":{"start":{"line":356,"column":43},"end":{"line":390,"column":1}},"line":356},"10":{"name":"resolveRepair","decl":{"start":{"line":396,"column":22},"end":{"line":396,"column":35}},"loc":{"start":{"line":396,"column":46},"end":{"line":433,"column":1}},"line":396},"11":{"name":"completeRecycling","decl":{"start":{"line":439,"column":22},"end":{"line":439,"column":39}},"loc":{"start":{"line":439,"column":50},"end":{"line":472,"column":1}},"line":439}},"branchMap":{"0":{"loc":{"start":{"line":7,"column":4},"end":{"line":11,"column":5}},"type":"if","locations":[{"start":{"line":7,"column":4},"end":{"line":11,"column":5}},{"start":{},"end":{}}],"line":7},"1":{"loc":{"start":{"line":18,"column":29},"end":{"line":18,"column":80}},"type":"binary-expr","locations":[{"start":{"line":18,"column":29},"end":{"line":18,"column":53}},{"start":{"line":18,"column":57},"end":{"line":18,"column":80}}],"line":18},"2":{"loc":{"start":{"line":30,"column":25},"end":{"line":30,"column":51}},"type":"binary-expr","locations":[{"start":{"line":30,"column":25},"end":{"line":30,"column":45}},{"start":{"line":30,"column":49},"end":{"line":30,"column":51}}],"line":30},"3":{"loc":{"start":{"line":31,"column":27},"end":{"line":31,"column":54}},"type":"binary-expr","locations":[{"start":{"line":31,"column":27},"end":{"line":31,"column":49}},{"start":{"line":31,"column":53},"end":{"line":31,"column":54}}],"line":31},"4":{"loc":{"start":{"line":32,"column":19},"end":{"line":32,"column":38}},"type":"binary-expr","locations":[{"start":{"line":32,"column":19},"end":{"line":32,"column":33}},{"start":{"line":32,"column":37},"end":{"line":32,"column":38}}],"line":32},"5":{"loc":{"start":{"line":36,"column":20},"end":{"line":36,"column":41}},"type":"binary-expr","locations":[{"start":{"line":36,"column":20},"end":{"line":36,"column":35}},{"start":{"line":36,"column":39},"end":{"line":36,"column":41}}],"line":36},"6":{"loc":{"start":{"line":65,"column":4},"end":{"line":69,"column":5}},"type":"if","locations":[{"start":{"line":65,"column":4},"end":{"line":69,"column":5}},{"start":{},"end":{}}],"line":65},"7":{"loc":{"start":{"line":92,"column":4},"end":{"line":96,"column":5}},"type":"if","locations":[{"start":{"line":92,"column":4},"end":{"line":96,"column":5}},{"start":{},"end":{}}],"line":92},"8":{"loc":{"start":{"line":105,"column":8},"end":{"line":109,"column":9}},"type":"if","locations":[{"start":{"line":105,"column":8},"end":{"line":109,"column":9}},{"start":{},"end":{}}],"line":105},"9":{"loc":{"start":{"line":125,"column":4},"end":{"line":129,"column":5}},"type":"if","locations":[{"start":{"line":125,"column":4},"end":{"line":129,"column":5}},{"start":{},"end":{}}],"line":125},"10":{"loc":{"start":{"line":138,"column":8},"end":{"line":142,"column":9}},"type":"if","locations":[{"start":{"line":138,"column":8},"end":{"line":142,"column":9}},{"start":{},"end":{}}],"line":138},"11":{"loc":{"start":{"line":150,"column":8},"end":{"line":155,"column":9}},"type":"if","locations":[{"start":{"line":150,"column":8},"end":{"line":155,"column":9}},{"start":{},"end":{}}],"line":150},"12":{"loc":{"start":{"line":150,"column":12},"end":{"line":150,"column":65}},"type":"binary-expr","locations":[{"start":{"line":150,"column":12},"end":{"line":150,"column":27}},{"start":{"line":150,"column":31},"end":{"line":150,"column":65}}],"line":150},"13":{"loc":{"start":{"line":175,"column":4},"end":{"line":179,"column":5}},"type":"if","locations":[{"start":{"line":175,"column":4},"end":{"line":179,"column":5}},{"start":{},"end":{}}],"line":175},"14":{"loc":{"start":{"line":188,"column":8},"end":{"line":192,"column":9}},"type":"if","locations":[{"start":{"line":188,"column":8},"end":{"line":192,"column":9}},{"start":{},"end":{}}],"line":188},"15":{"loc":{"start":{"line":209,"column":4},"end":{"line":213,"column":5}},"type":"if","locations":[{"start":{"line":209,"column":4},"end":{"line":213,"column":5}},{"start":{},"end":{}}],"line":209},"16":{"loc":{"start":{"line":222,"column":8},"end":{"line":226,"column":9}},"type":"if","locations":[{"start":{"line":222,"column":8},"end":{"line":226,"column":9}},{"start":{},"end":{}}],"line":222},"17":{"loc":{"start":{"line":251,"column":25},"end":{"line":251,"column":73}},"type":"binary-expr","locations":[{"start":{"line":251,"column":25},"end":{"line":251,"column":36}},{"start":{"line":251,"column":40},"end":{"line":251,"column":73}}],"line":251},"18":{"loc":{"start":{"line":252,"column":22},"end":{"line":252,"column":36}},"type":"binary-expr","locations":[{"start":{"line":252,"column":22},"end":{"line":252,"column":30}},{"start":{"line":252,"column":34},"end":{"line":252,"column":36}}],"line":252},"19":{"loc":{"start":{"line":253,"column":25},"end":{"line":253,"column":64}},"type":"binary-expr","locations":[{"start":{"line":253,"column":25},"end":{"line":253,"column":36}},{"start":{"line":253,"column":40},"end":{"line":253,"column":54}},{"start":{"line":253,"column":58},"end":{"line":253,"column":64}}],"line":253},"20":{"loc":{"start":{"line":257,"column":8},"end":{"line":259,"column":9}},"type":"if","locations":[{"start":{"line":257,"column":8},"end":{"line":259,"column":9}},{"start":{},"end":{}}],"line":257},"21":{"loc":{"start":{"line":262,"column":8},"end":{"line":266,"column":9}},"type":"if","locations":[{"start":{"line":262,"column":8},"end":{"line":266,"column":9}},{"start":{"line":264,"column":15},"end":{"line":266,"column":9}}],"line":262},"22":{"loc":{"start":{"line":264,"column":15},"end":{"line":266,"column":9}},"type":"if","locations":[{"start":{"line":264,"column":15},"end":{"line":266,"column":9}},{"start":{},"end":{}}],"line":264},"23":{"loc":{"start":{"line":287,"column":4},"end":{"line":289,"column":5}},"type":"if","locations":[{"start":{"line":287,"column":4},"end":{"line":289,"column":5}},{"start":{},"end":{}}],"line":287},"24":{"loc":{"start":{"line":298,"column":8},"end":{"line":300,"column":9}},"type":"if","locations":[{"start":{"line":298,"column":8},"end":{"line":300,"column":9}},{"start":{},"end":{}}],"line":298},"25":{"loc":{"start":{"line":303,"column":24},"end":{"line":303,"column":34}},"type":"binary-expr","locations":[{"start":{"line":303,"column":24},"end":{"line":303,"column":29}},{"start":{"line":303,"column":33},"end":{"line":303,"column":34}}],"line":303},"26":{"loc":{"start":{"line":307,"column":23},"end":{"line":307,"column":88}},"type":"cond-expr","locations":[{"start":{"line":307,"column":35},"end":{"line":307,"column":58}},{"start":{"line":307,"column":61},"end":{"line":307,"column":88}}],"line":307},"27":{"loc":{"start":{"line":308,"column":25},"end":{"line":308,"column":115}},"type":"cond-expr","locations":[{"start":{"line":308,"column":37},"end":{"line":308,"column":78}},{"start":{"line":308,"column":81},"end":{"line":308,"column":115}}],"line":308},"28":{"loc":{"start":{"line":315,"column":21},"end":{"line":315,"column":97}},"type":"cond-expr","locations":[{"start":{"line":315,"column":33},"end":{"line":315,"column":59}},{"start":{"line":315,"column":62},"end":{"line":315,"column":97}}],"line":315},"29":{"loc":{"start":{"line":342,"column":8},"end":{"line":344,"column":9}},"type":"if","locations":[{"start":{"line":342,"column":8},"end":{"line":344,"column":9}},{"start":{},"end":{}}],"line":342},"30":{"loc":{"start":{"line":357,"column":4},"end":{"line":359,"column":5}},"type":"if","locations":[{"start":{"line":357,"column":4},"end":{"line":359,"column":5}},{"start":{},"end":{}}],"line":357},"31":{"loc":{"start":{"line":368,"column":8},"end":{"line":370,"column":9}},"type":"if","locations":[{"start":{"line":368,"column":8},"end":{"line":370,"column":9}},{"start":{},"end":{}}],"line":368},"32":{"loc":{"start":{"line":397,"column":4},"end":{"line":399,"column":5}},"type":"if","locations":[{"start":{"line":397,"column":4},"end":{"line":399,"column":5}},{"start":{},"end":{}}],"line":397},"33":{"loc":{"start":{"line":408,"column":8},"end":{"line":410,"column":9}},"type":"if","locations":[{"start":{"line":408,"column":8},"end":{"line":410,"column":9}},{"start":{},"end":{}}],"line":408},"34":{"loc":{"start":{"line":412,"column":26},"end":{"line":412,"column":81}},"type":"cond-expr","locations":[{"start":{"line":412,"column":54},"end":{"line":412,"column":62}},{"start":{"line":412,"column":65},"end":{"line":412,"column":81}}],"line":412},"35":{"loc":{"start":{"line":417,"column":23},"end":{"line":417,"column":80}},"type":"cond-expr","locations":[{"start":{"line":417,"column":51},"end":{"line":417,"column":61}},{"start":{"line":417,"column":64},"end":{"line":417,"column":80}}],"line":417},"36":{"loc":{"start":{"line":418,"column":25},"end":{"line":420,"column":68}},"type":"cond-expr","locations":[{"start":{"line":419,"column":18},"end":{"line":419,"column":72}},{"start":{"line":420,"column":18},"end":{"line":420,"column":68}}],"line":418},"37":{"loc":{"start":{"line":440,"column":4},"end":{"line":442,"column":5}},"type":"if","locations":[{"start":{"line":440,"column":4},"end":{"line":442,"column":5}},{"start":{},"end":{}}],"line":440},"38":{"loc":{"start":{"line":450,"column":8},"end":{"line":452,"column":9}},"type":"if","locations":[{"start":{"line":450,"column":8},"end":{"line":452,"column":9}},{"start":{},"end":{}}],"line":450}},"s":{"0":2,"1":1,"2":1,"3":1,"4":1,"5":1,"6":1,"7":1,"8":1,"9":0,"10":0,"11":1,"12":0,"13":1,"14":1,"15":1,"16":1,"17":0,"18":0,"19":0,"20":0,"21":0,"22":0,"23":0,"24":0,"25":0,"26":0,"27":0,"28":0,"29":0,"30":0,"31":0,"32":0,"33":0,"34":0,"35":0,"36":0,"37":0,"38":0,"39":0,"40":0,"41":0,"42":0,"43":0,"44":0,"45":0,"46":0,"47":0,"48":2,"49":0,"50":2,"51":2,"52":2,"53":1,"54":1,"55":1,"56":1,"57":1,"58":1,"59":1,"60":0,"61":1,"62":0,"63":1,"64":1,"65":0,"66":0,"67":0,"68":0,"69":0,"70":0,"71":0,"72":0,"73":0,"74":0,"75":0,"76":0,"77":0,"78":0,"79":0,"80":0,"81":0,"82":0,"83":0,"84":0,"85":0,"86":0,"87":0,"88":0,"89":1,"90":0,"91":1,"92":1,"93":1,"94":0,"95":1,"96":1,"97":1,"98":1,"99":1,"100":0,"101":1,"102":0,"103":1,"104":1,"105":1,"106":1,"107":0,"108":1,"109":1,"110":1,"111":1,"112":1,"113":0,"114":0,"115":0,"116":0,"117":0,"118":0,"119":0,"120":0,"121":0,"122":0,"123":0,"124":0},"f":{"0":2,"1":1,"2":0,"3":0,"4":0,"5":2,"6":0,"7":0,"8":0,"9":1,"10":1,"11":0},"b":{"0":[1,1],"1":[1,1],"2":[1,1],"3":[1,1],"4":[1,1],"5":[1,1],"6":[0,1],"7":[0,0],"8":[0,0],"9":[0,0],"10":[0,0],"11":[0,0],"12":[0,0],"13":[0,0],"14":[0,0],"15":[0,2],"16":[1,1],"17":[1,0],"18":[1,1],"19":[1,1,0],"20":[1,0],"21":[0,1],"22":[0,1],"23":[0,0],"24":[0,0],"25":[0,0],"26":[0,0],"27":[0,0],"28":[0,0],"29":[0,0],"30":[0,1],"31":[0,1],"32":[0,1],"33":[0,1],"34":[1,0],"35":[1,0],"36":[1,0],"37":[0,0],"38":[0,0]},"inputSourceMap":null,"_coverageSchema":"1a1c01bbd47fc00a2c39e90264f33305004495a9","hash":"807bd1a249924089941e0e832fb3e24e42045be1"}
,"C:\\Users\\agash\\Desktop\\AF\\AF-backend-express\\controllers\\providerController.js": {"path":"C:\\Users\\agash\\Desktop\\AF\\AF-backend-express\\controllers\\providerController.js","statementMap":{"0":{"start":{"line":5,"column":4},"end":{"line":70,"column":5}},"1":{"start":{"line":7,"column":21},"end":{"line":7,"column":29}},"2":{"start":{"line":9,"column":8},"end":{"line":16,"column":9}},"3":{"start":{"line":10,"column":12},"end":{"line":14,"column":13}},"4":{"start":{"line":15,"column":12},"end":{"line":15,"column":18}},"5":{"start":{"line":18,"column":29},"end":{"line":18,"column":84}},"6":{"start":{"line":20,"column":30},"end":{"line":20,"column":43}},"7":{"start":{"line":22,"column":8},"end":{"line":26,"column":9}},"8":{"start":{"line":23,"column":28},"end":{"line":23,"column":87}},"9":{"start":{"line":24,"column":28},"end":{"line":24,"column":39}},"10":{"start":{"line":25,"column":12},"end":{"line":25,"column":72}},"11":{"start":{"line":28,"column":29},"end":{"line":28,"column":37}},"12":{"start":{"line":30,"column":8},"end":{"line":30,"column":34}},"13":{"start":{"line":32,"column":35},"end":{"line":52,"column":9}},"14":{"start":{"line":54,"column":37},"end":{"line":54,"column":68}},"15":{"start":{"line":56,"column":8},"end":{"line":61,"column":10}},"16":{"start":{"line":64,"column":8},"end":{"line":69,"column":10}},"17":{"start":{"line":75,"column":4},"end":{"line":93,"column":5}},"18":{"start":{"line":77,"column":26},"end":{"line":77,"column":35}},"19":{"start":{"line":79,"column":23},"end":{"line":79,"column":25}},"20":{"start":{"line":80,"column":8},"end":{"line":80,"column":51}},"21":{"start":{"line":80,"column":20},"end":{"line":80,"column":51}},"22":{"start":{"line":82,"column":33},"end":{"line":82,"column":91}},"23":{"start":{"line":84,"column":8},"end":{"line":84,"column":47}},"24":{"start":{"line":87,"column":8},"end":{"line":92,"column":10}},"25":{"start":{"line":98,"column":4},"end":{"line":121,"column":5}},"26":{"start":{"line":100,"column":23},"end":{"line":100,"column":38}},"27":{"start":{"line":102,"column":8},"end":{"line":109,"column":9}},"28":{"start":{"line":103,"column":12},"end":{"line":107,"column":14}},"29":{"start":{"line":108,"column":12},"end":{"line":108,"column":19}},"30":{"start":{"line":111,"column":27},"end":{"line":111,"column":89}},"31":{"start":{"line":113,"column":8},"end":{"line":113,"column":41}},"32":{"start":{"line":115,"column":8},"end":{"line":120,"column":10}},"33":{"start":{"line":126,"column":4},"end":{"line":174,"column":5}},"34":{"start":{"line":128,"column":23},"end":{"line":128,"column":38}},"35":{"start":{"line":129,"column":29},"end":{"line":129,"column":52}},"36":{"start":{"line":131,"column":8},"end":{"line":138,"column":9}},"37":{"start":{"line":132,"column":12},"end":{"line":136,"column":14}},"38":{"start":{"line":137,"column":12},"end":{"line":137,"column":19}},"39":{"start":{"line":140,"column":25},"end":{"line":140,"column":72}},"40":{"start":{"line":141,"column":8},"end":{"line":145,"column":10}},"41":{"start":{"line":141,"column":23},"end":{"line":145,"column":10}},"42":{"start":{"line":147,"column":8},"end":{"line":153,"column":9}},"43":{"start":{"line":148,"column":12},"end":{"line":152,"column":14}},"44":{"start":{"line":155,"column":24},"end":{"line":158,"column":10}},"45":{"start":{"line":160,"column":8},"end":{"line":165,"column":10}},"46":{"start":{"line":168,"column":8},"end":{"line":173,"column":10}},"47":{"start":{"line":179,"column":4},"end":{"line":214,"column":5}},"48":{"start":{"line":181,"column":8},"end":{"line":187,"column":9}},"49":{"start":{"line":182,"column":12},"end":{"line":186,"column":14}},"50":{"start":{"line":189,"column":23},"end":{"line":189,"column":33}},"51":{"start":{"line":191,"column":24},"end":{"line":198,"column":9}},"52":{"start":{"line":200,"column":8},"end":{"line":205,"column":10}},"53":{"start":{"line":208,"column":8},"end":{"line":213,"column":10}},"54":{"start":{"line":219,"column":4},"end":{"line":257,"column":5}},"55":{"start":{"line":221,"column":23},"end":{"line":221,"column":33}},"56":{"start":{"line":222,"column":27},"end":{"line":222,"column":35}},"57":{"start":{"line":224,"column":8},"end":{"line":230,"column":9}},"58":{"start":{"line":225,"column":12},"end":{"line":229,"column":14}},"59":{"start":{"line":232,"column":24},"end":{"line":239,"column":9}},"60":{"start":{"line":241,"column":8},"end":{"line":241,"column":93}},"61":{"start":{"line":241,"column":22},"end":{"line":241,"column":93}},"62":{"start":{"line":243,"column":8},"end":{"line":248,"column":10}},"63":{"start":{"line":251,"column":8},"end":{"line":256,"column":10}},"64":{"start":{"line":262,"column":4},"end":{"line":309,"column":5}},"65":{"start":{"line":264,"column":48},"end":{"line":264,"column":57}},"66":{"start":{"line":266,"column":8},"end":{"line":272,"column":9}},"67":{"start":{"line":267,"column":12},"end":{"line":271,"column":14}},"68":{"start":{"line":274,"column":31},"end":{"line":274,"column":52}},"69":{"start":{"line":276,"column":26},"end":{"line":298,"column":10}},"70":{"start":{"line":300,"column":8},"end":{"line":300,"column":40}},"71":{"start":{"line":303,"column":8},"end":{"line":308,"column":10}},"72":{"start":{"line":314,"column":4},"end":{"line":355,"column":5}},"73":{"start":{"line":315,"column":23},"end":{"line":315,"column":39}},"74":{"start":{"line":316,"column":29},"end":{"line":316,"column":52}},"75":{"start":{"line":318,"column":8},"end":{"line":322,"column":9}},"76":{"start":{"line":319,"column":12},"end":{"line":321,"column":15}},"77":{"start":{"line":324,"column":25},"end":{"line":324,"column":72}},"78":{"start":{"line":326,"column":8},"end":{"line":330,"column":9}},"79":{"start":{"line":327,"column":12},"end":{"line":329,"column":15}},"80":{"start":{"line":333,"column":8},"end":{"line":337,"column":9}},"81":{"start":{"line":334,"column":12},"end":{"line":336,"column":15}},"82":{"start":{"line":339,"column":25},"end":{"line":343,"column":9}},"83":{"start":{"line":345,"column":8},"end":{"line":348,"column":11}},"84":{"start":{"line":351,"column":8},"end":{"line":354,"column":11}},"85":{"start":{"line":360,"column":4},"end":{"line":383,"column":5}},"86":{"start":{"line":361,"column":33},"end":{"line":361,"column":43}},"87":{"start":{"line":363,"column":24},"end":{"line":367,"column":9}},"88":{"start":{"line":369,"column":8},"end":{"line":371,"column":9}},"89":{"start":{"line":370,"column":12},"end":{"line":370,"column":75}},"90":{"start":{"line":373,"column":8},"end":{"line":376,"column":11}},"91":{"start":{"line":379,"column":8},"end":{"line":382,"column":11}}},"fnMap":{"0":{"name":"createProviderProfile","decl":{"start":{"line":3,"column":22},"end":{"line":3,"column":43}},"loc":{"start":{"line":3,"column":54},"end":{"line":71,"column":1}},"line":3},"1":{"name":"getAllProviderProfiles","decl":{"start":{"line":73,"column":22},"end":{"line":73,"column":44}},"loc":{"start":{"line":73,"column":55},"end":{"line":94,"column":1}},"line":73},"2":{"name":"getMyProviderProfiles","decl":{"start":{"line":96,"column":22},"end":{"line":96,"column":43}},"loc":{"start":{"line":96,"column":54},"end":{"line":122,"column":1}},"line":96},"3":{"name":"updateMyProviderProfile","decl":{"start":{"line":124,"column":22},"end":{"line":124,"column":45}},"loc":{"start":{"line":124,"column":56},"end":{"line":175,"column":1}},"line":124},"4":{"name":"approveProviderProfile","decl":{"start":{"line":177,"column":22},"end":{"line":177,"column":44}},"loc":{"start":{"line":177,"column":55},"end":{"line":215,"column":1}},"line":177},"5":{"name":"rejectProviderProfile","decl":{"start":{"line":217,"column":22},"end":{"line":217,"column":43}},"loc":{"start":{"line":217,"column":54},"end":{"line":258,"column":1}},"line":217},"6":{"name":"getNearbyProviders","decl":{"start":{"line":260,"column":22},"end":{"line":260,"column":40}},"loc":{"start":{"line":260,"column":51},"end":{"line":310,"column":1}},"line":260},"7":{"name":"deactivateMyProviderProfile","decl":{"start":{"line":312,"column":22},"end":{"line":312,"column":49}},"loc":{"start":{"line":312,"column":60},"end":{"line":356,"column":1}},"line":312},"8":{"name":"restoreProviderProfile","decl":{"start":{"line":358,"column":22},"end":{"line":358,"column":44}},"loc":{"start":{"line":358,"column":55},"end":{"line":384,"column":1}},"line":358}},"branchMap":{"0":{"loc":{"start":{"line":9,"column":8},"end":{"line":16,"column":9}},"type":"if","locations":[{"start":{"line":9,"column":8},"end":{"line":16,"column":9}},{"start":{},"end":{}}],"line":9},"1":{"loc":{"start":{"line":22,"column":8},"end":{"line":26,"column":9}},"type":"if","locations":[{"start":{"line":22,"column":8},"end":{"line":26,"column":9}},{"start":{},"end":{}}],"line":22},"2":{"loc":{"start":{"line":80,"column":8},"end":{"line":80,"column":51}},"type":"if","locations":[{"start":{"line":80,"column":8},"end":{"line":80,"column":51}},{"start":{},"end":{}}],"line":80},"3":{"loc":{"start":{"line":102,"column":8},"end":{"line":109,"column":9}},"type":"if","locations":[{"start":{"line":102,"column":8},"end":{"line":109,"column":9}},{"start":{},"end":{}}],"line":102},"4":{"loc":{"start":{"line":131,"column":8},"end":{"line":138,"column":9}},"type":"if","locations":[{"start":{"line":131,"column":8},"end":{"line":138,"column":9}},{"start":{},"end":{}}],"line":131},"5":{"loc":{"start":{"line":141,"column":8},"end":{"line":145,"column":10}},"type":"if","locations":[{"start":{"line":141,"column":8},"end":{"line":145,"column":10}},{"start":{},"end":{}}],"line":141},"6":{"loc":{"start":{"line":147,"column":8},"end":{"line":153,"column":9}},"type":"if","locations":[{"start":{"line":147,"column":8},"end":{"line":153,"column":9}},{"start":{},"end":{}}],"line":147},"7":{"loc":{"start":{"line":181,"column":8},"end":{"line":187,"column":9}},"type":"if","locations":[{"start":{"line":181,"column":8},"end":{"line":187,"column":9}},{"start":{},"end":{}}],"line":181},"8":{"loc":{"start":{"line":224,"column":8},"end":{"line":230,"column":9}},"type":"if","locations":[{"start":{"line":224,"column":8},"end":{"line":230,"column":9}},{"start":{},"end":{}}],"line":224},"9":{"loc":{"start":{"line":236,"column":33},"end":{"line":236,"column":62}},"type":"binary-expr","locations":[{"start":{"line":236,"column":33},"end":{"line":236,"column":39}},{"start":{"line":236,"column":43},"end":{"line":236,"column":62}}],"line":236},"10":{"loc":{"start":{"line":241,"column":8},"end":{"line":241,"column":93}},"type":"if","locations":[{"start":{"line":241,"column":8},"end":{"line":241,"column":93}},{"start":{},"end":{}}],"line":241},"11":{"loc":{"start":{"line":264,"column":26},"end":{"line":264,"column":37}},"type":"default-arg","locations":[{"start":{"line":264,"column":35},"end":{"line":264,"column":37}}],"line":264},"12":{"loc":{"start":{"line":266,"column":8},"end":{"line":272,"column":9}},"type":"if","locations":[{"start":{"line":266,"column":8},"end":{"line":272,"column":9}},{"start":{},"end":{}}],"line":266},"13":{"loc":{"start":{"line":266,"column":12},"end":{"line":266,"column":24}},"type":"binary-expr","locations":[{"start":{"line":266,"column":12},"end":{"line":266,"column":16}},{"start":{"line":266,"column":20},"end":{"line":266,"column":24}}],"line":266},"14":{"loc":{"start":{"line":289,"column":24},"end":{"line":289,"column":58}},"type":"cond-expr","locations":[{"start":{"line":289,"column":31},"end":{"line":289,"column":53}},{"start":{"line":289,"column":56},"end":{"line":289,"column":58}}],"line":289},"15":{"loc":{"start":{"line":318,"column":8},"end":{"line":322,"column":9}},"type":"if","locations":[{"start":{"line":318,"column":8},"end":{"line":322,"column":9}},{"start":{},"end":{}}],"line":318},"16":{"loc":{"start":{"line":326,"column":8},"end":{"line":330,"column":9}},"type":"if","locations":[{"start":{"line":326,"column":8},"end":{"line":330,"column":9}},{"start":{},"end":{}}],"line":326},"17":{"loc":{"start":{"line":333,"column":8},"end":{"line":337,"column":9}},"type":"if","locations":[{"start":{"line":333,"column":8},"end":{"line":337,"column":9}},{"start":{},"end":{}}],"line":333},"18":{"loc":{"start":{"line":369,"column":8},"end":{"line":371,"column":9}},"type":"if","locations":[{"start":{"line":369,"column":8},"end":{"line":371,"column":9}},{"start":{},"end":{}}],"line":369}},"s":{"0":0,"1":0,"2":0,"3":0,"4":0,"5":0,"6":0,"7":0,"8":0,"9":0,"10":0,"11":0,"12":0,"13":0,"14":0,"15":0,"16":0,"17":0,"18":0,"19":0,"20":0,"21":0,"22":0,"23":0,"24":0,"25":0,"26":0,"27":0,"28":0,"29":0,"30":0,"31":0,"32":0,"33":0,"34":0,"35":0,"36":0,"37":0,"38":0,"39":0,"40":0,"41":0,"42":0,"43":0,"44":0,"45":0,"46":0,"47":0,"48":0,"49":0,"50":0,"51":0,"52":0,"53":0,"54":0,"55":0,"56":0,"57":0,"58":0,"59":0,"60":0,"61":0,"62":0,"63":0,"64":0,"65":0,"66":0,"67":0,"68":0,"69":0,"70":0,"71":0,"72":0,"73":0,"74":0,"75":0,"76":0,"77":0,"78":0,"79":0,"80":0,"81":0,"82":0,"83":0,"84":0,"85":0,"86":0,"87":0,"88":0,"89":0,"90":0,"91":0},"f":{"0":0,"1":0,"2":0,"3":0,"4":0,"5":0,"6":0,"7":0,"8":0},"b":{"0":[0,0],"1":[0,0],"2":[0,0],"3":[0,0],"4":[0,0],"5":[0,0],"6":[0,0],"7":[0,0],"8":[0,0],"9":[0,0],"10":[0,0],"11":[0],"12":[0,0],"13":[0,0],"14":[0,0],"15":[0,0],"16":[0,0],"17":[0,0],"18":[0,0]},"inputSourceMap":null}
,"C:\\Users\\agash\\Desktop\\AF\\AF-backend-express\\controllers\\recycleController.js": {"path":"C:\\Users\\agash\\Desktop\\AF\\AF-backend-express\\controllers\\recycleController.js","statementMap":{"0":{"start":{"line":6,"column":36},"end":{"line":49,"column":1}},"1":{"start":{"line":7,"column":4},"end":{"line":48,"column":5}},"2":{"start":{"line":8,"column":103},"end":{"line":8,"column":111}},"3":{"start":{"line":10,"column":32},"end":{"line":10,"column":81}},"4":{"start":{"line":11,"column":8},"end":{"line":13,"column":9}},"5":{"start":{"line":12,"column":12},"end":{"line":12,"column":76}},"6":{"start":{"line":15,"column":27},"end":{"line":26,"column":10}},"7":{"start":{"line":27,"column":8},"end":{"line":27,"column":32}},"8":{"start":{"line":30,"column":8},"end":{"line":43,"column":9}},"9":{"start":{"line":31,"column":28},"end":{"line":31,"column":64}},"10":{"start":{"line":32,"column":12},"end":{"line":42,"column":13}},"11":{"start":{"line":33,"column":16},"end":{"line":33,"column":53}},"12":{"start":{"line":34,"column":16},"end":{"line":39,"column":19}},"13":{"start":{"line":40,"column":16},"end":{"line":40,"column":37}},"14":{"start":{"line":41,"column":16},"end":{"line":41,"column":82}},"15":{"start":{"line":45,"column":8},"end":{"line":45,"column":41}},"16":{"start":{"line":47,"column":8},"end":{"line":47,"column":57}},"17":{"start":{"line":52,"column":34},"end":{"line":81,"column":1}},"18":{"start":{"line":53,"column":4},"end":{"line":80,"column":5}},"19":{"start":{"line":54,"column":20},"end":{"line":54,"column":22}},"20":{"start":{"line":55,"column":8},"end":{"line":59,"column":9}},"21":{"start":{"line":56,"column":12},"end":{"line":56,"column":41}},"22":{"start":{"line":57,"column":15},"end":{"line":59,"column":9}},"23":{"start":{"line":58,"column":12},"end":{"line":58,"column":45}},"24":{"start":{"line":62,"column":8},"end":{"line":62,"column":62}},"25":{"start":{"line":62,"column":30},"end":{"line":62,"column":62}},"26":{"start":{"line":63,"column":8},"end":{"line":63,"column":68}},"27":{"start":{"line":63,"column":32},"end":{"line":63,"column":68}},"28":{"start":{"line":66,"column":8},"end":{"line":71,"column":9}},"29":{"start":{"line":67,"column":12},"end":{"line":70,"column":14}},"30":{"start":{"line":73,"column":25},"end":{"line":75,"column":36}},"31":{"start":{"line":77,"column":8},"end":{"line":77,"column":27}},"32":{"start":{"line":79,"column":8},"end":{"line":79,"column":57}},"33":{"start":{"line":83,"column":37},"end":{"line":91,"column":1}},"34":{"start":{"line":84,"column":4},"end":{"line":90,"column":5}},"35":{"start":{"line":85,"column":24},"end":{"line":85,"column":113}},"36":{"start":{"line":86,"column":8},"end":{"line":86,"column":84}},"37":{"start":{"line":86,"column":22},"end":{"line":86,"column":84}},"38":{"start":{"line":87,"column":8},"end":{"line":87,"column":26}},"39":{"start":{"line":89,"column":8},"end":{"line":89,"column":57}},"40":{"start":{"line":93,"column":35},"end":{"line":132,"column":1}},"41":{"start":{"line":94,"column":4},"end":{"line":131,"column":5}},"42":{"start":{"line":95,"column":50},"end":{"line":95,"column":58}},"43":{"start":{"line":96,"column":24},"end":{"line":96,"column":68}},"44":{"start":{"line":97,"column":8},"end":{"line":97,"column":94}},"45":{"start":{"line":97,"column":22},"end":{"line":97,"column":94}},"46":{"start":{"line":100,"column":8},"end":{"line":100,"column":45}},"47":{"start":{"line":102,"column":8},"end":{"line":102,"column":32}},"48":{"start":{"line":103,"column":8},"end":{"line":103,"column":29}},"49":{"start":{"line":106,"column":8},"end":{"line":123,"column":9}},"50":{"start":{"line":107,"column":28},"end":{"line":107,"column":83}},"51":{"start":{"line":108,"column":12},"end":{"line":122,"column":13}},"52":{"start":{"line":109,"column":32},"end":{"line":109,"column":38}},"53":{"start":{"line":110,"column":16},"end":{"line":110,"column":67}},"54":{"start":{"line":110,"column":44},"end":{"line":110,"column":67}},"55":{"start":{"line":112,"column":16},"end":{"line":116,"column":19}},"56":{"start":{"line":118,"column":16},"end":{"line":118,"column":72}},"57":{"start":{"line":118,"column":44},"end":{"line":118,"column":72}},"58":{"start":{"line":120,"column":16},"end":{"line":120,"column":37}},"59":{"start":{"line":121,"column":16},"end":{"line":121,"column":96}},"60":{"start":{"line":125,"column":8},"end":{"line":125,"column":26}},"61":{"start":{"line":127,"column":8},"end":{"line":129,"column":9}},"62":{"start":{"line":128,"column":12},"end":{"line":128,"column":74}},"63":{"start":{"line":130,"column":8},"end":{"line":130,"column":57}},"64":{"start":{"line":135,"column":36},"end":{"line":181,"column":1}},"65":{"start":{"line":136,"column":4},"end":{"line":180,"column":5}},"66":{"start":{"line":137,"column":59},"end":{"line":137,"column":67}},"67":{"start":{"line":138,"column":24},"end":{"line":138,"column":68}},"68":{"start":{"line":140,"column":8},"end":{"line":140,"column":94}},"69":{"start":{"line":140,"column":22},"end":{"line":140,"column":94}},"70":{"start":{"line":143,"column":8},"end":{"line":145,"column":9}},"71":{"start":{"line":144,"column":12},"end":{"line":144,"column":94}},"72":{"start":{"line":148,"column":8},"end":{"line":148,"column":42}},"73":{"start":{"line":150,"column":8},"end":{"line":150,"column":56}},"74":{"start":{"line":150,"column":24},"end":{"line":150,"column":56}},"75":{"start":{"line":152,"column":8},"end":{"line":152,"column":29}},"76":{"start":{"line":155,"column":8},"end":{"line":172,"column":9}},"77":{"start":{"line":156,"column":28},"end":{"line":156,"column":83}},"78":{"start":{"line":157,"column":12},"end":{"line":171,"column":13}},"79":{"start":{"line":158,"column":32},"end":{"line":158,"column":38}},"80":{"start":{"line":159,"column":16},"end":{"line":159,"column":67}},"81":{"start":{"line":159,"column":44},"end":{"line":159,"column":67}},"82":{"start":{"line":161,"column":16},"end":{"line":165,"column":19}},"83":{"start":{"line":167,"column":16},"end":{"line":167,"column":72}},"84":{"start":{"line":167,"column":44},"end":{"line":167,"column":72}},"85":{"start":{"line":169,"column":16},"end":{"line":169,"column":37}},"86":{"start":{"line":170,"column":16},"end":{"line":170,"column":97}},"87":{"start":{"line":174,"column":8},"end":{"line":174,"column":26}},"88":{"start":{"line":176,"column":8},"end":{"line":178,"column":9}},"89":{"start":{"line":177,"column":12},"end":{"line":177,"column":74}},"90":{"start":{"line":179,"column":8},"end":{"line":179,"column":57}},"91":{"start":{"line":184,"column":36},"end":{"line":199,"column":1}},"92":{"start":{"line":185,"column":4},"end":{"line":198,"column":5}},"93":{"start":{"line":186,"column":24},"end":{"line":186,"column":68}},"94":{"start":{"line":187,"column":8},"end":{"line":187,"column":94}},"95":{"start":{"line":187,"column":22},"end":{"line":187,"column":94}},"96":{"start":{"line":190,"column":8},"end":{"line":192,"column":9}},"97":{"start":{"line":191,"column":12},"end":{"line":191,"column":94}},"98":{"start":{"line":194,"column":8},"end":{"line":194,"column":62}},"99":{"start":{"line":195,"column":8},"end":{"line":195,"column":72}},"100":{"start":{"line":197,"column":8},"end":{"line":197,"column":57}}},"fnMap":{"0":{"name":"(anonymous_0)","decl":{"start":{"line":6,"column":36},"end":{"line":6,"column":37}},"loc":{"start":{"line":6,"column":56},"end":{"line":49,"column":1}},"line":6},"1":{"name":"(anonymous_1)","decl":{"start":{"line":52,"column":34},"end":{"line":52,"column":35}},"loc":{"start":{"line":52,"column":54},"end":{"line":81,"column":1}},"line":52},"2":{"name":"(anonymous_2)","decl":{"start":{"line":83,"column":37},"end":{"line":83,"column":38}},"loc":{"start":{"line":83,"column":57},"end":{"line":91,"column":1}},"line":83},"3":{"name":"(anonymous_3)","decl":{"start":{"line":93,"column":35},"end":{"line":93,"column":36}},"loc":{"start":{"line":93,"column":55},"end":{"line":132,"column":1}},"line":93},"4":{"name":"(anonymous_4)","decl":{"start":{"line":135,"column":36},"end":{"line":135,"column":37}},"loc":{"start":{"line":135,"column":56},"end":{"line":181,"column":1}},"line":135},"5":{"name":"(anonymous_5)","decl":{"start":{"line":184,"column":36},"end":{"line":184,"column":37}},"loc":{"start":{"line":184,"column":56},"end":{"line":199,"column":1}},"line":184}},"branchMap":{"0":{"loc":{"start":{"line":11,"column":8},"end":{"line":13,"column":9}},"type":"if","locations":[{"start":{"line":11,"column":8},"end":{"line":13,"column":9}},{"start":{},"end":{}}],"line":11},"1":{"loc":{"start":{"line":30,"column":8},"end":{"line":43,"column":9}},"type":"if","locations":[{"start":{"line":30,"column":8},"end":{"line":43,"column":9}},{"start":{},"end":{}}],"line":30},"2":{"loc":{"start":{"line":32,"column":12},"end":{"line":42,"column":13}},"type":"if","locations":[{"start":{"line":32,"column":12},"end":{"line":42,"column":13}},{"start":{},"end":{}}],"line":32},"3":{"loc":{"start":{"line":37,"column":30},"end":{"line":37,"column":108}},"type":"binary-expr","locations":[{"start":{"line":37,"column":30},"end":{"line":37,"column":47}},{"start":{"line":37,"column":52},"end":{"line":37,"column":107}}],"line":37},"4":{"loc":{"start":{"line":37,"column":52},"end":{"line":37,"column":107}},"type":"cond-expr","locations":[{"start":{"line":37,"column":68},"end":{"line":37,"column":102}},{"start":{"line":37,"column":105},"end":{"line":37,"column":107}}],"line":37},"5":{"loc":{"start":{"line":55,"column":8},"end":{"line":59,"column":9}},"type":"if","locations":[{"start":{"line":55,"column":8},"end":{"line":59,"column":9}},{"start":{"line":57,"column":15},"end":{"line":59,"column":9}}],"line":55},"6":{"loc":{"start":{"line":57,"column":15},"end":{"line":59,"column":9}},"type":"if","locations":[{"start":{"line":57,"column":15},"end":{"line":59,"column":9}},{"start":{},"end":{}}],"line":57},"7":{"loc":{"start":{"line":62,"column":8},"end":{"line":62,"column":62}},"type":"if","locations":[{"start":{"line":62,"column":8},"end":{"line":62,"column":62}},{"start":{},"end":{}}],"line":62},"8":{"loc":{"start":{"line":63,"column":8},"end":{"line":63,"column":68}},"type":"if","locations":[{"start":{"line":63,"column":8},"end":{"line":63,"column":68}},{"start":{},"end":{}}],"line":63},"9":{"loc":{"start":{"line":66,"column":8},"end":{"line":71,"column":9}},"type":"if","locations":[{"start":{"line":66,"column":8},"end":{"line":71,"column":9}},{"start":{},"end":{}}],"line":66},"10":{"loc":{"start":{"line":86,"column":8},"end":{"line":86,"column":84}},"type":"if","locations":[{"start":{"line":86,"column":8},"end":{"line":86,"column":84}},{"start":{},"end":{}}],"line":86},"11":{"loc":{"start":{"line":97,"column":8},"end":{"line":97,"column":94}},"type":"if","locations":[{"start":{"line":97,"column":8},"end":{"line":97,"column":94}},{"start":{},"end":{}}],"line":97},"12":{"loc":{"start":{"line":106,"column":8},"end":{"line":123,"column":9}},"type":"if","locations":[{"start":{"line":106,"column":8},"end":{"line":123,"column":9}},{"start":{},"end":{}}],"line":106},"13":{"loc":{"start":{"line":108,"column":12},"end":{"line":122,"column":13}},"type":"if","locations":[{"start":{"line":108,"column":12},"end":{"line":122,"column":13}},{"start":{},"end":{}}],"line":108},"14":{"loc":{"start":{"line":110,"column":16},"end":{"line":110,"column":67}},"type":"if","locations":[{"start":{"line":110,"column":16},"end":{"line":110,"column":67}},{"start":{},"end":{}}],"line":110},"15":{"loc":{"start":{"line":114,"column":33},"end":{"line":114,"column":80}},"type":"binary-expr","locations":[{"start":{"line":114,"column":33},"end":{"line":114,"column":37}},{"start":{"line":114,"column":41},"end":{"line":114,"column":80}}],"line":114},"16":{"loc":{"start":{"line":118,"column":16},"end":{"line":118,"column":72}},"type":"if","locations":[{"start":{"line":118,"column":16},"end":{"line":118,"column":72}},{"start":{},"end":{}}],"line":118},"17":{"loc":{"start":{"line":127,"column":8},"end":{"line":129,"column":9}},"type":"if","locations":[{"start":{"line":127,"column":8},"end":{"line":129,"column":9}},{"start":{},"end":{}}],"line":127},"18":{"loc":{"start":{"line":140,"column":8},"end":{"line":140,"column":94}},"type":"if","locations":[{"start":{"line":140,"column":8},"end":{"line":140,"column":94}},{"start":{},"end":{}}],"line":140},"19":{"loc":{"start":{"line":143,"column":8},"end":{"line":145,"column":9}},"type":"if","locations":[{"start":{"line":143,"column":8},"end":{"line":145,"column":9}},{"start":{},"end":{}}],"line":143},"20":{"loc":{"start":{"line":143,"column":12},"end":{"line":143,"column":84}},"type":"binary-expr","locations":[{"start":{"line":143,"column":12},"end":{"line":143,"column":37}},{"start":{"line":143,"column":41},"end":{"line":143,"column":84}}],"line":143},"21":{"loc":{"start":{"line":150,"column":8},"end":{"line":150,"column":56}},"type":"if","locations":[{"start":{"line":150,"column":8},"end":{"line":150,"column":56}},{"start":{},"end":{}}],"line":150},"22":{"loc":{"start":{"line":155,"column":8},"end":{"line":172,"column":9}},"type":"if","locations":[{"start":{"line":155,"column":8},"end":{"line":172,"column":9}},{"start":{},"end":{}}],"line":155},"23":{"loc":{"start":{"line":155,"column":12},"end":{"line":155,"column":68}},"type":"binary-expr","locations":[{"start":{"line":155,"column":12},"end":{"line":155,"column":18}},{"start":{"line":155,"column":22},"end":{"line":155,"column":47}},{"start":{"line":155,"column":51},"end":{"line":155,"column":68}}],"line":155},"24":{"loc":{"start":{"line":157,"column":12},"end":{"line":171,"column":13}},"type":"if","locations":[{"start":{"line":157,"column":12},"end":{"line":171,"column":13}},{"start":{},"end":{}}],"line":157},"25":{"loc":{"start":{"line":159,"column":16},"end":{"line":159,"column":67}},"type":"if","locations":[{"start":{"line":159,"column":16},"end":{"line":159,"column":67}},{"start":{},"end":{}}],"line":159},"26":{"loc":{"start":{"line":163,"column":33},"end":{"line":163,"column":80}},"type":"binary-expr","locations":[{"start":{"line":163,"column":33},"end":{"line":163,"column":37}},{"start":{"line":163,"column":41},"end":{"line":163,"column":80}}],"line":163},"27":{"loc":{"start":{"line":167,"column":16},"end":{"line":167,"column":72}},"type":"if","locations":[{"start":{"line":167,"column":16},"end":{"line":167,"column":72}},{"start":{},"end":{}}],"line":167},"28":{"loc":{"start":{"line":176,"column":8},"end":{"line":178,"column":9}},"type":"if","locations":[{"start":{"line":176,"column":8},"end":{"line":178,"column":9}},{"start":{},"end":{}}],"line":176},"29":{"loc":{"start":{"line":187,"column":8},"end":{"line":187,"column":94}},"type":"if","locations":[{"start":{"line":187,"column":8},"end":{"line":187,"column":94}},{"start":{},"end":{}}],"line":187},"30":{"loc":{"start":{"line":190,"column":8},"end":{"line":192,"column":9}},"type":"if","locations":[{"start":{"line":190,"column":8},"end":{"line":192,"column":9}},{"start":{},"end":{}}],"line":190},"31":{"loc":{"start":{"line":190,"column":12},"end":{"line":190,"column":84}},"type":"binary-expr","locations":[{"start":{"line":190,"column":12},"end":{"line":190,"column":37}},{"start":{"line":190,"column":41},"end":{"line":190,"column":84}}],"line":190}},"s":{"0":0,"1":0,"2":0,"3":0,"4":0,"5":0,"6":0,"7":0,"8":0,"9":0,"10":0,"11":0,"12":0,"13":0,"14":0,"15":0,"16":0,"17":0,"18":0,"19":0,"20":0,"21":0,"22":0,"23":0,"24":0,"25":0,"26":0,"27":0,"28":0,"29":0,"30":0,"31":0,"32":0,"33":0,"34":0,"35":0,"36":0,"37":0,"38":0,"39":0,"40":0,"41":0,"42":0,"43":0,"44":0,"45":0,"46":0,"47":0,"48":0,"49":0,"50":0,"51":0,"52":0,"53":0,"54":0,"55":0,"56":0,"57":0,"58":0,"59":0,"60":0,"61":0,"62":0,"63":0,"64":0,"65":0,"66":0,"67":0,"68":0,"69":0,"70":0,"71":0,"72":0,"73":0,"74":0,"75":0,"76":0,"77":0,"78":0,"79":0,"80":0,"81":0,"82":0,"83":0,"84":0,"85":0,"86":0,"87":0,"88":0,"89":0,"90":0,"91":0,"92":0,"93":0,"94":0,"95":0,"96":0,"97":0,"98":0,"99":0,"100":0},"f":{"0":0,"1":0,"2":0,"3":0,"4":0,"5":0},"b":{"0":[0,0],"1":[0,0],"2":[0,0],"3":[0,0],"4":[0,0],"5":[0,0],"6":[0,0],"7":[0,0],"8":[0,0],"9":[0,0],"10":[0,0],"11":[0,0],"12":[0,0],"13":[0,0],"14":[0,0],"15":[0,0],"16":[0,0],"17":[0,0],"18":[0,0],"19":[0,0],"20":[0,0],"21":[0,0],"22":[0,0],"23":[0,0,0],"24":[0,0],"25":[0,0],"26":[0,0],"27":[0,0],"28":[0,0],"29":[0,0],"30":[0,0],"31":[0,0]},"inputSourceMap":null}
[...]
,"column":26},"end":{"line":136,"column":51}},"53":{"start":{"line":137,"column":2},"end":{"line":137,"column":69}},"54":{"start":{"line":137,"column":32},"end":{"line":137,"column":69}},"55":{"start":{"line":139,"column":29},"end":{"line":139,"column":60}},"56":{"start":{"line":140,"column":2},"end":{"line":140,"column":75}},"57":{"start":{"line":140,"column":35},"end":{"line":140,"column":75}},"58":{"start":{"line":142,"column":30},"end":{"line":142,"column":72}},"59":{"start":{"line":143,"column":2},"end":{"line":143,"column":77}},"60":{"start":{"line":143,"column":36},"end":{"line":143,"column":77}},"61":{"start":{"line":145,"column":29},"end":{"line":145,"column":69}},"62":{"start":{"line":146,"column":2},"end":{"line":146,"column":75}},"63":{"start":{"line":146,"column":35},"end":{"line":146,"column":75}},"64":{"start":{"line":148,"column":26},"end":{"line":148,"column":63}},"65":{"start":{"line":149,"column":2},"end":{"line":149,"column":69}},"66":{"start":{"line":149,"column":32},"end":{"line":149,"column":69}},"67":{"start":{"line":151,"column":25},"end":{"line":151,"column":48}},"68":{"start":{"line":152,"column":2},"end":{"line":152,"column":67}},"69":{"start":{"line":152,"column":31},"end":{"line":152,"column":67}},"70":{"start":{"line":154,"column":2},"end":{"line":168,"column":3}},"71":{"start":{"line":155,"column":4},"end":{"line":167,"column":5}},"72":{"start":{"line":156,"column":6},"end":{"line":156,"column":69}},"73":{"start":{"line":158,"column":6},"end":{"line":160,"column":7}},"74":{"start":{"line":159,"column":8},"end":{"line":159,"column":48}},"75":{"start":{"line":161,"column":6},"end":{"line":163,"column":7}},"76":{"start":{"line":162,"column":8},"end":{"line":162,"column":49}},"77":{"start":{"line":164,"column":6},"end":{"line":166,"column":7}},"78":{"start":{"line":165,"column":8},"end":{"line":165,"column":63}},"79":{"start":{"line":170,"column":2},"end":{"line":186,"column":3}},"80":{"start":{"line":171,"column":4},"end":{"line":185,"column":5}},"81":{"start":{"line":172,"column":6},"end":{"line":172,"column":69}},"82":{"start":{"line":174,"column":6},"end":{"line":176,"column":7}},"83":{"start":{"line":175,"column":8},"end":{"line":175,"column":48}},"84":{"start":{"line":177,"column":6},"end":{"line":179,"column":7}},"85":{"start":{"line":178,"column":8},"end":{"line":178,"column":49}},"86":{"start":{"line":180,"column":6},"end":{"line":182,"column":7}},"87":{"start":{"line":181,"column":8},"end":{"line":181,"column":63}},"88":{"start":{"line":188,"column":2},"end":{"line":191,"column":4}},"89":{"start":{"line":195,"column":33},"end":{"line":215,"column":1}},"90":{"start":{"line":196,"column":17},"end":{"line":196,"column":19}},"91":{"start":{"line":198,"column":2},"end":{"line":205,"column":3}},"92":{"start":{"line":199,"column":4},"end":{"line":199,"column":37}},"93":{"start":{"line":201,"column":23},"end":{"line":201,"column":73}},"94":{"start":{"line":202,"column":4},"end":{"line":204,"column":5}},"95":{"start":{"line":203,"column":6},"end":{"line":203,"column":58}},"96":{"start":{"line":207,"column":2},"end":{"line":209,"column":3}},"97":{"start":{"line":208,"column":4},"end":{"line":208,"column":40}},"98":{"start":{"line":211,"column":2},"end":{"line":214,"column":4}},"99":{"start":{"line":218,"column":41},"end":{"line":249,"column":1}},"100":{"start":{"line":219,"column":17},"end":{"line":219,"column":19}},"101":{"start":{"line":221,"column":2},"end":{"line":228,"column":3}},"102":{"start":{"line":222,"column":4},"end":{"line":227,"column":5}},"103":{"start":{"line":226,"column":6},"end":{"line":226,"column":67}},"104":{"start":{"line":230,"column":2},"end":{"line":234,"column":3}},"105":{"start":{"line":231,"column":4},"end":{"line":233,"column":5}},"106":{"start":{"line":232,"column":6},"end":{"line":232,"column":66}},"107":{"start":{"line":236,"column":2},"end":{"line":243,"column":3}},"108":{"start":{"line":237,"column":23},"end":{"line":237,"column":48}},"109":{"start":{"line":238,"column":4},"end":{"line":242,"column":5}},"110":{"start":{"line":239,"column":6},"end":{"line":241,"column":8}},"111":{"start":{"line":245,"column":2},"end":{"line":248,"column":4}},"112":{"start":{"line":252,"column":42},"end":{"line":268,"column":1}},"113":{"start":{"line":253,"column":17},"end":{"line":253,"column":19}},"114":{"start":{"line":255,"column":2},"end":{"line":262,"column":3}},"115":{"start":{"line":256,"column":4},"end":{"line":256,"column":37}},"116":{"start":{"line":258,"column":23},"end":{"line":258,"column":73}},"117":{"start":{"line":259,"column":4},"end":{"line":261,"column":5}},"118":{"start":{"line":260,"column":6},"end":{"line":260,"column":58}},"119":{"start":{"line":264,"column":2},"end":{"line":267,"column":4}}},"fnMap":{"0":{"name":"(anonymous_0)","decl":{"start":{"line":1,"column":29},"end":{"line":1,"column":30}},"loc":{"start":{"line":1,"column":40},"end":{"line":16,"column":1}},"line":1},"1":{"name":"(anonymous_1)","decl":{"start":{"line":18,"column":32},"end":{"line":18,"column":33}},"loc":{"start":{"line":18,"column":46},"end":{"line":60,"column":1}},"line":18},"2":{"name":"(anonymous_2)","decl":{"start":{"line":62,"column":35},"end":{"line":62,"column":36}},"loc":{"start":{"line":62,"column":52},"end":{"line":78,"column":1}},"line":62},"3":{"name":"(anonymous_3)","decl":{"start":{"line":80,"column":28},"end":{"line":80,"column":29}},"loc":{"start":{"line":80,"column":58},"end":{"line":102,"column":1}},"line":80},"4":{"name":"(anonymous_4)","decl":{"start":{"line":104,"column":28},"end":{"line":104,"column":29}},"loc":{"start":{"line":104,"column":38},"end":{"line":119,"column":1}},"line":104},"5":{"name":"(anonymous_5)","decl":{"start":{"line":121,"column":27},"end":{"line":121,"column":28}},"loc":{"start":{"line":121,"column":36},"end":{"line":131,"column":1}},"line":121},"6":{"name":"(anonymous_6)","decl":{"start":{"line":133,"column":40},"end":{"line":133,"column":41}},"loc":{"start":{"line":133,"column":50},"end":{"line":192,"column":1}},"line":133},"7":{"name":"(anonymous_7)","decl":{"start":{"line":195,"column":33},"end":{"line":195,"column":34}},"loc":{"start":{"line":195,"column":43},"end":{"line":215,"column":1}},"line":195},"8":{"name":"(anonymous_8)","decl":{"start":{"line":218,"column":41},"end":{"line":218,"column":42}},"loc":{"start":{"line":218,"column":51},"end":{"line":249,"column":1}},"line":218},"9":{"name":"(anonymous_9)","decl":{"start":{"line":252,"column":42},"end":{"line":252,"column":43}},"loc":{"start":{"line":252,"column":52},"end":{"line":268,"column":1}},"line":252}},"branchMap":{"0":{"loc":{"start":{"line":2,"column":2},"end":{"line":4,"column":3}},"type":"if","locations":[{"start":{"line":2,"column":2},"end":{"line":4,"column":3}},{"start":{},"end":{}}],"line":2},"1":{"loc":{"start":{"line":2,"column":6},"end":{"line":2,"column":41}},"type":"binary-expr","locations":[{"start":{"line":2,"column":6},"end":{"line":2,"column":12}},{"start":{"line":2,"column":16},"end":{"line":2,"column":41}}],"line":2},"2":{"loc":{"start":{"line":8,"column":2},"end":{"line":13,"column":3}},"type":"if","locations":[{"start":{"line":8,"column":2},"end":{"line":13,"column":3}},{"start":{},"end":{}}],"line":8},"3":{"loc":{"start":{"line":19,"column":2},"end":{"line":21,"column":3}},"type":"if","locations":[{"start":{"line":19,"column":2},"end":{"line":21,"column":3}},{"start":{},"end":{}}],"line":19},"4":{"loc":{"start":{"line":19,"column":6},"end":{"line":19,"column":47}},"type":"binary-expr","locations":[{"start":{"line":19,"column":6},"end":{"line":19,"column":15}},{"start":{"line":19,"column":19},"end":{"line":19,"column":47}}],"line":19},"5":{"loc":{"start":{"line":23,"column":2},"end":{"line":28,"column":3}},"type":"if","locations":[{"start":{"line":23,"column":2},"end":{"line":28,"column":3}},{"start":{},"end":{}}],"line":23},"6":{"loc":{"start":{"line":30,"column":2},"end":{"line":35,"column":3}},"type":"if","locations":[{"start":{"line":30,"column":2},"end":{"line":35,"column":3}},{"start":{},"end":{}}],"line":30},"7":{"loc":{"start":{"line":37,"column":2},"end":{"line":42,"column":3}},"type":"if","locations":[{"start":{"line":37,"column":2},"end":{"line":42,"column":3}},{"start":{},"end":{}}],"line":37},"8":{"loc":{"start":{"line":44,"column":2},"end":{"line":49,"column":3}},"type":"if","locations":[{"start":{"line":44,"column":2},"end":{"line":49,"column":3}},{"start":{},"end":{}}],"line":44},"9":{"loc":{"start":{"line":51,"column":2},"end":{"line":57,"column":3}},"type":"if","locations":[{"start":{"line":51,"column":2},"end":{"line":57,"column":3}},{"start":{},"end":{}}],"line":51},"10":{"loc":{"start":{"line":63,"column":2},"end":{"line":65,"column":3}},"type":"if","locations":[{"start":{"line":63,"column":2},"end":{"line":65,"column":3}},{"start":{},"end":{}}],"line":63},"11":{"loc":{"start":{"line":63,"column":6},"end":{"line":63,"column":53}},"type":"binary-expr","locations":[{"start":{"line":63,"column":6},"end":{"line":63,"column":18}},{"start":{"line":63,"column":22},"end":{"line":63,"column":53}}],"line":63},"12":{"loc":{"start":{"line":69,"column":2},"end":{"line":75,"column":3}},"type":"if","locations":[{"start":{"line":69,"column":2},"end":{"line":75,"column":3}},{"start":{},"end":{}}],"line":69},"13":{"loc":{"start":{"line":80,"column":35},"end":{"line":80,"column":53}},"type":"default-arg","locations":[{"start":{"line":80,"column":47},"end":{"line":80,"column":53}}],"line":80},"14":{"loc":{"start":{"line":81,"column":2},"end":{"line":83,"column":3}},"type":"if","locations":[{"start":{"line":81,"column":2},"end":{"line":83,"column":3}},{"start":{},"end":{}}],"line":81},"15":{"loc":{"start":{"line":81,"column":6},"end":{"line":81,"column":39}},"type":"binary-expr","locations":[{"start":{"line":81,"column":6},"end":{"line":81,"column":11}},{"start":{"line":81,"column":15},"end":{"line":81,"column":39}}],"line":81},"16":{"loc":{"start":{"line":87,"column":2},"end":{"line":92,"column":3}},"type":"if","locations":[{"start":{"line":87,"column":2},"end":{"line":92,"column":3}},{"start":{},"end":{}}],"line":87},"17":{"loc":{"start":{"line":94,"column":2},"end":{"line":99,"column":3}},"type":"if","locations":[{"start":{"line":94,"column":2},"end":{"line":99,"column":3}},{"start":{},"end":{}}],"line":94},"18":{"loc":{"start":{"line":107,"column":2},"end":{"line":109,"column":3}},"type":"if","locations":[{"start":{"line":107,"column":2},"end":{"line":109,"column":3}},{"start":{},"end":{}}],"line":107},"19":{"loc":{"start":{"line":111,"column":2},"end":{"line":116,"column":3}},"type":"if","locations":[{"start":{"line":111,"column":2},"end":{"line":116,"column":3}},{"start":{},"end":{}}],"line":111},"20":{"loc":{"start":{"line":122,"column":2},"end":{"line":124,"column":3}},"type":"if","locations":[{"start":{"line":122,"column":2},"end":{"line":124,"column":3}},{"start":{},"end":{}}],"line":122},"21":{"loc":{"start":{"line":122,"column":6},"end":{"line":122,"column":37}},"type":"binary-expr","locations":[{"start":{"line":122,"column":6},"end":{"line":122,"column":10}},{"start":{"line":122,"column":14},"end":{"line":122,"column":37}}],"line":122},"22":{"loc":{"start":{"line":126,"column":2},"end":{"line":128,"column":3}},"type":"if","locations":[{"start":{"line":126,"column":2},"end":{"line":128,"column":3}},{"start":{},"end":{}}],"line":126},"23":{"loc":{"start":{"line":126,"column":6},"end":{"line":126,"column":44}},"type":"binary-expr","locations":[{"start":{"line":126,"column":6},"end":{"line":126,"column":22}},{"start":{"line":126,"column":26},"end":{"line":126,"column":44}}],"line":126},"24":{"loc":{"start":{"line":137,"column":2},"end":{"line":137,"column":69}},"type":"if","locations":[{"start":{"line":137,"column":2},"end":{"line":137,"column":69}},{"start":{},"end":{}}],"line":137},"25":{"loc":{"start":{"line":140,"column":2},"end":{"line":140,"column":75}},"type":"if","locations":[{"start":{"line":140,"column":2},"end":{"line":140,"column":75}},{"start":{},"end":{}}],"line":140},"26":{"loc":{"start":{"line":143,"column":2},"end":{"line":143,"column":77}},"type":"if","locations":[{"start":{"line":143,"column":2},"end":{"line":143,"column":77}},{"start":{},"end":{}}],"line":143},"27":{"loc":{"start":{"line":146,"column":2},"end":{"line":146,"column":75}},"type":"if","locations":[{"start":{"line":146,"column":2},"end":{"line":146,"column":75}},{"start":{},"end":{}}],"line":146},"28":{"loc":{"start":{"line":149,"column":2},"end":{"line":149,"column":69}},"type":"if","locations":[{"start":{"line":149,"column":2},"end":{"line":149,"column":69}},{"start":{},"end":{}}],"line":149},"29":{"loc":{"start":{"line":152,"column":2},"end":{"line":152,"column":67}},"type":"if","locations":[{"start":{"line":152,"column":2},"end":{"line":152,"column":67}},{"start":{},"end":{}}],"line":152},"30":{"loc":{"start":{"line":154,"column":2},"end":{"line":168,"column":3}},"type":"if","locations":[{"start":{"line":154,"column":2},"end":{"line":168,"column":3}},{"start":{},"end":{}}],"line":154},"31":{"loc":{"start":{"line":155,"column":4},"end":{"line":167,"column":5}},"type":"if","locations":[{"start":{"line":155,"column":4},"end":{"line":167,"column":5}},{"start":{"line":157,"column":11},"end":{"line":167,"column":5}}],"line":155},"32":{"loc":{"start":{"line":158,"column":6},"end":{"line":160,"column":7}},"type":"if","locations":[{"start":{"line":158,"column":6},"end":{"line":160,"column":7}},{"start":{},"end":{}}],"line":158},"33":{"loc":{"start":{"line":161,"column":6},"end":{"line":163,"column":7}},"type":"if","locations":[{"start":{"line":161,"column":6},"end":{"line":163,"column":7}},{"start":{},"end":{}}],"line":161},"34":{"loc":{"start":{"line":164,"column":6},"end":{"line":166,"column":7}},"type":"if","locations":[{"start":{"line":164,"column":6},"end":{"line":166,"column":7}},{"start":{},"end":{}}],"line":164},"35":{"loc":{"start":{"line":170,"column":2},"end":{"line":186,"column":3}},"type":"if","locations":[{"start":{"line":170,"column":2},"end":{"line":186,"column":3}},{"start":{},"end":{}}],"line":170},"36":{"loc":{"start":{"line":171,"column":4},"end":{"line":185,"column":5}},"type":"if","locations":[{"start":{"line":171,"column":4},"end":{"line":185,"column":5}},{"start":{"line":173,"column":11},"end":{"line":185,"column":5}}],"line":171},"37":{"loc":{"start":{"line":174,"column":6},"end":{"line":176,"column":7}},"type":"if","locations":[{"start":{"line":174,"column":6},"end":{"line":176,"column":7}},{"start":{},"end":{}}],"line":174},"38":{"loc":{"start":{"line":177,"column":6},"end":{"line":179,"column":7}},"type":"if","locations":[{"start":{"line":177,"column":6},"end":{"line":179,"column":7}},{"start":{},"end":{}}],"line":177},"39":{"loc":{"start":{"line":180,"column":6},"end":{"line":182,"column":7}},"type":"if","locations":[{"start":{"line":180,"column":6},"end":{"line":182,"column":7}},{"start":{},"end":{}}],"line":180},"40":{"loc":{"start":{"line":198,"column":2},"end":{"line":205,"column":3}},"type":"if","locations":[{"start":{"line":198,"column":2},"end":{"line":205,"column":3}},{"start":{"line":200,"column":9},"end":{"line":205,"column":3}}],"line":198},"41":{"loc":{"start":{"line":198,"column":6},"end":{"line":198,"column":51}},"type":"binary-expr","locations":[{"start":{"line":198,"column":6},"end":{"line":198,"column":17}},{"start":{"line":198,"column":21},"end":{"line":198,"column":51}}],"line":198},"42":{"loc":{"start":{"line":202,"column":4},"end":{"line":204,"column":5}},"type":"if","locations":[{"start":{"line":202,"column":4},"end":{"line":204,"column":5}},{"start":{},"end":{}}],"line":202},"43":{"loc":{"start":{"line":207,"column":2},"end":{"line":209,"column":3}},"type":"if","locations":[{"start":{"line":207,"column":2},"end":{"line":209,"column":3}},{"start":{},"end":{}}],"line":207},"44":{"loc":{"start":{"line":207,"column":6},"end":{"line":207,"column":57}},"type":"binary-expr","locations":[{"start":{"line":207,"column":6},"end":{"line":207,"column":20}},{"start":{"line":207,"column":24},"end":{"line":207,"column":57}}],"line":207},"45":{"loc":{"start":{"line":221,"column":2},"end":{"line":228,"column":3}},"type":"if","locations":[{"start":{"line":221,"column":2},"end":{"line":228,"column":3}},{"start":{},"end":{}}],"line":221},"46":{"loc":{"start":{"line":222,"column":4},"end":{"line":227,"column":5}},"type":"if","locations":[{"start":{"line":222,"column":4},"end":{"line":227,"column":5}},{"start":{},"end":{}}],"line":222},"47":{"loc":{"start":{"line":223,"column":6},"end":{"line":224,"column":38}},"type":"binary-expr","locations":[{"start":{"line":223,"column":6},"end":{"line":223,"column":40}},{"start":{"line":224,"column":6},"end":{"line":224,"column":38}}],"line":223},"48":{"loc":{"start":{"line":230,"column":2},"end":{"line":234,"column":3}},"type":"if","locations":[{"start":{"line":230,"column":2},"end":{"line":234,"column":3}},{"start":{},"end":{}}],"line":230},"49":{"loc":{"start":{"line":231,"column":4},"end":{"line":233,"column":5}},"type":"if","locations":[{"start":{"line":231,"column":4},"end":{"line":233,"column":5}},{"start":{},"end":{}}],"line":231},"50":{"loc":{"start":{"line":231,"column":8},"end":{"line":231,"column":76}},"type":"binary-expr","locations":[{"start":{"line":231,"column":8},"end":{"line":231,"column":41}},{"start":{"line":231,"column":45},"end":{"line":231,"column":76}}],"line":231},"51":{"loc":{"start":{"line":236,"column":2},"end":{"line":243,"column":3}},"type":"if","locations":[{"start":{"line":236,"column":2},"end":{"line":243,"column":3}},{"start":{},"end":{}}],"line":236},"52":{"loc":{"start":{"line":238,"column":4},"end":{"line":242,"column":5}},"type":"if","locations":[{"start":{"line":238,"column":4},"end":{"line":242,"column":5}},{"start":{},"end":{}}],"line":238},"53":{"loc":{"start":{"line":255,"column":2},"end":{"line":262,"column":3}},"type":"if","locations":[{"start":{"line":255,"column":2},"end":{"line":262,"column":3}},{"start":{"line":257,"column":9},"end":{"line":262,"column":3}}],"line":255},"54":{"loc":{"start":{"line":255,"column":6},"end":{"line":255,"column":51}},"type":"binary-expr","locations":[{"start":{"line":255,"column":6},"end":{"line":255,"column":17}},{"start":{"line":255,"column":21},"end":{"line":255,"column":51}}],"line":255},"55":{"loc":{"start":{"line":259,"column":4},"end":{"line":261,"column":5}},"type":"if","locations":[{"start":{"line":259,"column":4},"end":{"line":261,"column":5}},{"start":{},"end":{}}],"line":259}},"s":{"0":0,"1":0,"2":0,"3":0,"4":0,"5":0,"6":0,"7":0,"8":0,"9":0,"10":0,"11":0,"12":0,"13":0,"14":0,"15":0,"16":0,"17":0,"18":0,"19":0,"20":0,"21":0,"22":0,"23":0,"24":0,"25":0,"26":0,"27":0,"28":0,"29":0,"30":0,"31":0,"32":0,"33":0,"34":0,"35":0,"36":0,"37":0,"38":0,"39":0,"40":0,"41":0,"42":0,"43":0,"44":0,"45":0,"46":0,"47":0,"48":0,"49":0,"50":0,"51":0,"52":0,"53":0,"54":0,"55":0,"56":0,"57":0,"58":0,"59":0,"60":0,"61":0,"62":0,"63":0,"64":0,"65":0,"66":0,"67":0,"68":0,"69":0,"70":0,"71":0,"72":0,"73":0,"74":0,"75":0,"76":0,"77":0,"78":0,"79":0,"80":0,"81":0,"82":0,"83":0,"84":0,"85":0,"86":0,"87":0,"88":0,"89":0,"90":0,"91":0,"92":0,"93":0,"94":0,"95":0,"96":0,"97":0,"98":0,"99":0,"100":0,"101":0,"102":0,"103":0,"104":0,"105":0,"106":0,"107":0,"108":0,"109":0,"110":0,"111":0,"112":0,"113":0,"114":0,"115":0,"116":0,"117":0,"118":0,"119":0},"f":{"0":0,"1":0,"2":0,"3":0,"4":0,"5":0,"6":0,"7":0,"8":0,"9":0},"b":{"0":[0,0],"1":[0,0],"2":[0,0],"3":[0,0],"4":[0,0],"5":[0,0],"6":[0,0],"7":[0,0],"8":[0,0],"9":[0,0],"10":[0,0],"11":[0,0],"12":[0,0],"13":[0],"14":[0,0],"15":[0,0],"16":[0,0],"17":[0,0],"18":[0,0],"19":[0,0],"20":[0,0],"21":[0,0],"22":[0,0],"23":[0,0],"24":[0,0],"25":[0,0],"26":[0,0],"27":[0,0],"28":[0,0],"29":[0,0],"30":[0,0],"31":[0,0],"32":[0,0],"33":[0,0],"34":[0,0],"35":[0,0],"36":[0,0],"37":[0,0],"38":[0,0],"39":[0,0],"40":[0,0],"41":[0,0],"42":[0,0],"43":[0,0],"44":[0,0],"45":[0,0],"46":[0,0],"47":[0,0],"48":[0,0],"49":[0,0],"50":[0,0],"51":[0,0],"52":[0,0],"53":[0,0],"54":[0,0],"55":[0,0]},"inputSourceMap":null}
}
