TN:
SF:controllers\adminController.js
FN:7,(anonymous_0)
FN:31,(anonymous_1)
FN:32,(anonymous_2)
FN:33,(anonymous_3)
FN:51,(anonymous_4)
FN:95,(anonymous_5)
FN:96,(anonymous_6)
FN:97,(anonymous_7)
FN:109,(anonymous_8)
FN:110,(anonymous_9)
FN:113,(anonymous_10)
FN:114,(anonymous_11)
FN:137,(anonymous_12)
FN:153,(anonymous_13)
FN:153,(anonymous_14)
FN:169,(anonymous_15)
FN:193,(anonymous_16)
FN:217,(anonymous_17)
FN:226,(anonymous_18)
FN:249,(anonymous_19)
FN:275,(anonymous_20)
FN:280,(anonymous_21)
FN:295,(anonymous_22)
FN:305,(anonymous_23)
FN:317,(anonymous_24)
FNF:25
FNH:0
FNDA:0,(anonymous_0)
FNDA:0,(anonymous_1)
FNDA:0,(anonymous_2)
FNDA:0,(anonymous_3)
FNDA:0,(anonymous_4)
FNDA:0,(anonymous_5)
FNDA:0,(anonymous_6)
FNDA:0,(anonymous_7)
FNDA:0,(anonymous_8)
FNDA:0,(anonymous_9)
FNDA:0,(anonymous_10)
FNDA:0,(anonymous_11)
FNDA:0,(anonymous_12)
FNDA:0,(anonymous_13)
FNDA:0,(anonymous_14)
FNDA:0,(anonymous_15)
FNDA:0,(anonymous_16)
FNDA:0,(anonymous_17)
FNDA:0,(anonymous_18)
FNDA:0,(anonymous_19)
FNDA:0,(anonymous_20)
FNDA:0,(anonymous_21)
FNDA:0,(anonymous_22)
FNDA:0,(anonymous_23)
FNDA:0,(anonymous_24)
DA:7,0
DA:8,0
DA:9,0
DA:10,0
DA:12,0
DA:13,0
DA:16,0
DA:17,0
DA:19,0
DA:25,0
DA:31,0
DA:32,0
DA:33,0
DA:34,0
DA:37,0
DA:47,0
DA:51,0
DA:52,0
DA:53,0
DA:55,0
DA:56,0
DA:59,0
DA:61,0
DA:62,0
DA:63,0
DA:64,0
DA:65,0
DA:66,0
DA:71,0
DA:72,0
DA:73,0
DA:76,0
DA:77,0
DA:80,0
DA:81,0
DA:84,0
DA:85,0
DA:88,0
DA:91,0
DA:94,0
DA:95,0
DA:96,0
DA:97,0
DA:102,0
DA:108,0
DA:109,0
DA:110,0
DA:112,0
DA:113,0
DA:114,0
DA:117,0
DA:118,0
DA:121,0
DA:122,0
DA:123,0
DA:124,0
DA:125,0
DA:126,0
DA:127,0
DA:128,0
DA:129,0
DA:130,0
DA:131,0
DA:132,0
DA:137,0
DA:138,0
DA:139,0
DA:140,0
DA:141,0
DA:143,0
DA:144,0
DA:146,0
DA:147,0
DA:149,0
DA:153,0
DA:155,0
DA:165,0
DA:169,0
DA:170,0
DA:171,0
DA:173,0
DA:175,0
DA:176,0
DA:177,0
DA:178,0
DA:180,0
DA:183,0
DA:184,0
DA:187,0
DA:189,0
DA:193,0
DA:194,0
DA:196,0
DA:198,0
DA:199,0
DA:200,0
DA:201,0
DA:203,0
DA:206,0
DA:207,0
DA:210,0
DA:212,0
DA:217,0
DA:218,0
DA:219,0
DA:220,0
DA:222,0
DA:226,0
DA:227,0
DA:228,0
DA:229,0
DA:231,0
DA:233,0
DA:234,0
DA:235,0
DA:243,0
DA:245,0
DA:249,0
DA:250,0
DA:251,0
DA:252,0
DA:253,0
DA:255,0
DA:256,0
DA:258,0
DA:259,0
DA:260,0
DA:268,0
DA:270,0
DA:275,0
DA:276,0
DA:277,0
DA:280,0
DA:281,0
DA:282,0
DA:288,0
DA:290,0
DA:295,0
DA:296,0
DA:297,0
DA:298,0
DA:300,0
DA:305,0
DA:306,0
DA:307,0
DA:308,0
DA:309,0
DA:311,0
DA:313,0
DA:317,0
DA:318,0
DA:319,0
DA:320,0
DA:321,0
DA:323,0
DA:325,0
DA:326,0
DA:328,0
LF:158
LH:0
BRDA:32,0,0,0
BRDA:32,0,1,0
BRDA:33,1,0,0
BRDA:33,1,1,0
BRDA:59,2,0,0
BRDA:59,2,1,0
BRDA:59,3,0,0
BRDA:59,3,1,0
BRDA:59,3,2,0
BRDA:63,4,0,0
BRDA:63,4,1,0
BRDA:63,5,0,0
BRDA:63,5,1,0
BRDA:71,6,0,0
BRDA:71,6,1,0
BRDA:71,7,0,0
BRDA:71,7,1,0
BRDA:71,7,2,0
BRDA:76,8,0,0
BRDA:76,8,1,0
BRDA:76,9,0,0
BRDA:76,9,1,0
BRDA:76,9,2,0
BRDA:80,10,0,0
BRDA:80,10,1,0
BRDA:80,11,0,0
BRDA:80,11,1,0
BRDA:80,11,2,0
BRDA:84,12,0,0
BRDA:84,12,1,0
BRDA:84,13,0,0
BRDA:84,13,1,0
BRDA:84,13,2,0
BRDA:109,14,0,0
BRDA:109,14,1,0
BRDA:113,15,0,0
BRDA:113,15,1,0
BRDA:121,16,0,0
BRDA:121,16,1,0
BRDA:121,17,0,0
BRDA:121,17,1,0
BRDA:121,17,2,0
BRDA:124,18,0,0
BRDA:124,18,1,0
BRDA:124,19,0,0
BRDA:124,19,1,0
BRDA:143,20,0,0
BRDA:143,20,1,0
BRDA:146,21,0,0
BRDA:146,21,1,0
BRDA:175,22,0,0
BRDA:175,22,1,0
BRDA:177,23,0,0
BRDA:177,23,1,0
BRDA:183,24,0,0
BRDA:183,24,1,0
BRDA:198,25,0,0
BRDA:198,25,1,0
BRDA:200,26,0,0
BRDA:200,26,1,0
BRDA:206,27,0,0
BRDA:206,27,1,0
BRDA:233,28,0,0
BRDA:233,28,1,0
BRDA:233,29,0,0
BRDA:233,29,1,0
BRDA:233,29,2,0
BRDA:234,30,0,0
BRDA:234,30,1,0
BRDA:253,31,0,0
BRDA:253,31,1,0
BRDA:258,32,0,0
BRDA:258,32,1,0
BRDA:258,33,0,0
BRDA:258,33,1,0
BRDA:258,33,2,0
BRDA:259,34,0,0
BRDA:259,34,1,0
BRDA:262,35,0,0
BRDA:262,35,1,0
BRDA:308,36,0,0
BRDA:308,36,1,0
BRDA:320,37,0,0
BRDA:320,37,1,0
BRF:84
BRH:0
end_of_record
TN:
SF:controllers\productController.js
FN:6,createProduct
FN:63,getProducts
FN:90,getProductById
FN:123,updateProduct
FN:173,deleteProduct
FN:207,addLifecycleEvent
FN:286,toggleSellStatus
FN:326,getMarketplaceProducts
FN:338,getPublicProductDetails
FN:356,buyProduct
FN:396,resolveRepair
FN:439,completeRecycling
FNF:12
FNH:5
FNDA:2,createProduct
FNDA:1,getProducts
FNDA:0,getProductById
FNDA:0,updateProduct
FNDA:0,deleteProduct
FNDA:2,addLifecycleEvent
FNDA:0,toggleSellStatus
FNDA:0,getMarketplaceProducts
FNDA:0,getPublicProductDetails
FNDA:1,buyProduct
FNDA:1,resolveRepair
FNDA:0,completeRecycling
DA:7,2
DA:8,1
DA:13,1
DA:15,1
DA:18,1
DA:21,1
DA:23,1
DA:45,1
DA:47,1
DA:53,0
DA:54,0
DA:65,1
DA:66,0
DA:71,1
DA:72,1
DA:74,1
DA:78,1
DA:81,0
DA:82,0
DA:92,0
DA:93,0
DA:98,0
DA:100,0
DA:105,0
DA:106,0
DA:111,0
DA:114,0
DA:125,0
DA:126,0
DA:131,0
DA:133,0
DA:138,0
DA:139,0
DA:145,0
DA:147,0
DA:150,0
DA:151,0
DA:157,0
DA:159,0
DA:165,0
DA:175,0
DA:176,0
DA:181,0
DA:183,0
DA:188,0
DA:189,0
DA:194,0
DA:199,0
DA:209,2
DA:210,0
DA:215,2
DA:217,2
DA:222,2
DA:223,1
DA:228,1
DA:231,1
DA:249,1
DA:257,1
DA:258,1
DA:262,1
DA:263,0
DA:264,1
DA:265,0
DA:268,1
DA:270,1
DA:276,0
DA:287,0
DA:288,0
DA:291,0
DA:292,0
DA:293,0
DA:298,0
DA:299,0
DA:302,0
DA:303,0
DA:306,0
DA:312,0
DA:314,0
DA:319,0
DA:327,0
DA:328,0
DA:329,0
DA:331,0
DA:339,0
DA:340,0
DA:342,0
DA:343,0
DA:346,0
DA:348,0
DA:357,1
DA:358,0
DA:361,1
DA:363,1
DA:368,1
DA:369,0
DA:372,1
DA:373,1
DA:376,1
DA:381,1
DA:383,1
DA:388,0
DA:397,1
DA:398,0
DA:401,1
DA:402,1
DA:403,1
DA:408,1
DA:409,0
DA:412,1
DA:413,1
DA:416,1
DA:424,1
DA:426,1
DA:431,0
DA:440,0
DA:441,0
DA:444,0
DA:445,0
DA:450,0
DA:451,0
DA:454,0
DA:457,0
DA:463,0
DA:465,0
DA:470,0
LF:125
LH:47
BRDA:7,0,0,1
BRDA:7,0,1,1
BRDA:18,1,0,1
BRDA:18,1,1,1
BRDA:30,2,0,1
BRDA:30,2,1,1
BRDA:31,3,0,1
BRDA:31,3,1,1
BRDA:32,4,0,1
BRDA:32,4,1,1
BRDA:36,5,0,1
BRDA:36,5,1,1
BRDA:65,6,0,0
BRDA:65,6,1,1
BRDA:92,7,0,0
BRDA:92,7,1,0
BRDA:105,8,0,0
BRDA:105,8,1,0
BRDA:125,9,0,0
BRDA:125,9,1,0
BRDA:138,10,0,0
BRDA:138,10,1,0
BRDA:150,11,0,0
BRDA:150,11,1,0
BRDA:150,12,0,0
BRDA:150,12,1,0
BRDA:175,13,0,0
BRDA:175,13,1,0
BRDA:188,14,0,0
BRDA:188,14,1,0
BRDA:209,15,0,0
BRDA:209,15,1,2
BRDA:222,16,0,1
BRDA:222,16,1,1
BRDA:251,17,0,1
BRDA:251,17,1,0
BRDA:252,18,0,1
BRDA:252,18,1,1
BRDA:253,19,0,1
BRDA:253,19,1,1
BRDA:253,19,2,0
BRDA:257,20,0,1
BRDA:257,20,1,0
BRDA:262,21,0,0
BRDA:262,21,1,1
BRDA:264,22,0,0
BRDA:264,22,1,1
BRDA:287,23,0,0
BRDA:287,23,1,0
BRDA:298,24,0,0
BRDA:298,24,1,0
BRDA:303,25,0,0
BRDA:303,25,1,0
BRDA:307,26,0,0
BRDA:307,26,1,0
BRDA:308,27,0,0
BRDA:308,27,1,0
BRDA:315,28,0,0
BRDA:315,28,1,0
BRDA:342,29,0,0
BRDA:342,29,1,0
BRDA:357,30,0,0
BRDA:357,30,1,1
BRDA:368,31,0,0
BRDA:368,31,1,1
BRDA:397,32,0,0
BRDA:397,32,1,1
BRDA:408,33,0,0
BRDA:408,33,1,1
BRDA:412,34,0,1
BRDA:412,34,1,0
BRDA:417,35,0,1
BRDA:417,35,1,0
BRDA:418,36,0,1
BRDA:418,36,1,0
BRDA:440,37,0,0
BRDA:440,37,1,0
BRDA:450,38,0,0
BRDA:450,38,1,0
BRF:79
BRH:31
end_of_record
TN:
SF:controllers\providerController.js
FN:3,createProviderProfile
FN:73,getAllProviderProfiles
FN:96,getMyProviderProfiles
FN:124,updateMyProviderProfile
FN:177,approveProviderProfile
FN:217,rejectProviderProfile
FN:260,getNearbyProviders
FN:312,deactivateMyProviderProfile
FN:358,restoreProviderProfile
FNF:9
FNH:0
FNDA:0,createProviderProfile
FNDA:0,getAllProviderProfiles
FNDA:0,getMyProviderProfiles
FNDA:0,updateMyProviderProfile
FNDA:0,approveProviderProfile
FNDA:0,rejectProviderProfile
FNDA:0,getNearbyProviders
FNDA:0,deactivateMyProviderProfile
FNDA:0,restoreProviderProfile
DA:5,0
DA:7,0
DA:9,0
DA:10,0
DA:15,0
DA:18,0
DA:20,0
DA:22,0
DA:23,0
DA:24,0
DA:25,0
DA:28,0
DA:30,0
DA:32,0
DA:54,0
DA:56,0
DA:64,0
DA:75,0
DA:77,0
DA:79,0
DA:80,0
DA:82,0
DA:84,0
DA:87,0
DA:98,0
DA:100,0
DA:102,0
DA:103,0
DA:108,0
DA:111,0
DA:113,0
DA:115,0
DA:126,0
DA:128,0
DA:129,0
DA:131,0
DA:132,0
DA:137,0
DA:140,0
DA:141,0
DA:147,0
DA:148,0
DA:155,0
DA:160,0
DA:168,0
DA:179,0
DA:181,0
DA:182,0
DA:189,0
DA:191,0
DA:200,0
DA:208,0
DA:219,0
DA:221,0
DA:222,0
DA:224,0
DA:225,0
DA:232,0
DA:241,0
DA:243,0
DA:251,0
DA:262,0
DA:264,0
DA:266,0
DA:267,0
DA:274,0
DA:276,0
DA:300,0
DA:303,0
DA:314,0
DA:315,0
DA:316,0
DA:318,0
DA:319,0
DA:324,0
DA:326,0
DA:327,0
DA:333,0
DA:334,0
DA:339,0
DA:345,0
DA:351,0
DA:360,0
DA:361,0
DA:363,0
DA:369,0
DA:370,0
DA:373,0
DA:379,0
LF:89
LH:0
BRDA:9,0,0,0
BRDA:9,0,1,0
BRDA:22,1,0,0
BRDA:22,1,1,0
BRDA:80,2,0,0
BRDA:80,2,1,0
BRDA:102,3,0,0
BRDA:102,3,1,0
BRDA:131,4,0,0
BRDA:131,4,1,0
BRDA:141,5,0,0
BRDA:141,5,1,0
BRDA:147,6,0,0
BRDA:147,6,1,0
BRDA:181,7,0,0
BRDA:181,7,1,0
BRDA:224,8,0,0
BRDA:224,8,1,0
BRDA:236,9,0,0
BRDA:236,9,1,0
BRDA:241,10,0,0
BRDA:241,10,1,0
BRDA:264,11,0,0
BRDA:266,12,0,0
BRDA:266,12,1,0
BRDA:266,13,0,0
BRDA:266,13,1,0
BRDA:289,14,0,0
BRDA:289,14,1,0
BRDA:318,15,0,0
BRDA:318,15,1,0
BRDA:326,16,0,0
BRDA:326,16,1,0
BRDA:333,17,0,0
BRDA:333,17,1,0
BRDA:369,18,0,0
BRDA:369,18,1,0
BRF:37
BRH:0
end_of_record
TN:
SF:controllers\recycleController.js
FN:6,(anonymous_0)
FN:52,(anonymous_1)
FN:83,(anonymous_2)
FN:93,(anonymous_3)
FN:135,(anonymous_4)
FN:184,(anonymous_5)
FNF:6
FNH:0
FNDA:0,(anonymous_0)
FNDA:0,(anonymous_1)
FNDA:0,(anonymous_2)
FNDA:0,(anonymous_3)
FNDA:0,(anonymous_4)
FNDA:0,(anonymous_5)
DA:6,0
DA:7,0
DA:8,0
DA:10,0
DA:11,0
DA:12,0
DA:15,0
DA:27,0
DA:30,0
DA:31,0
DA:32,0
DA:33,0
DA:34,0
DA:40,0
DA:41,0
DA:45,0
DA:47,0
DA:52,0
DA:53,0
DA:54,0
DA:55,0
DA:56,0
DA:57,0
DA:58,0
DA:62,0
DA:63,0
DA:66,0
DA:67,0
DA:73,0
DA:77,0
DA:79,0
DA:83,0
DA:84,0
DA:85,0
DA:86,0
DA:87,0
DA:89,0
DA:93,0
DA:94,0
DA:95,0
DA:96,0
DA:97,0
DA:100,0
DA:102,0
DA:103,0
DA:106,0
DA:107,0
DA:108,0
DA:109,0
DA:110,0
DA:112,0
DA:118,0
DA:120,0
DA:121,0
DA:125,0
DA:127,0
DA:128,0
DA:130,0
DA:135,0
DA:136,0
DA:137,0
DA:138,0
DA:140,0
DA:143,0
DA:144,0
DA:148,0
DA:150,0
DA:152,0
DA:155,0
DA:156,0
DA:157,0
DA:158,0
DA:159,0
DA:161,0
DA:167,0
DA:169,0
DA:170,0
DA:174,0
DA:176,0
DA:177,0
DA:179,0
DA:184,0
DA:185,0
DA:186,0
DA:187,0
DA:190,0
DA:191,0
DA:194,0
DA:195,0
DA:197,0
LF:90
LH:0
BRDA:11,0,0,0
BRDA:11,0,1,0
BRDA:30,1,0,0
BRDA:30,1,1,0
BRDA:32,2,0,0
BRDA:32,2,1,0
BRDA:37,3,0,0
BRDA:37,3,1,0
BRDA:37,4,0,0
BRDA:37,4,1,0
BRDA:55,5,0,0
BRDA:55,5,1,0
BRDA:57,6,0,0
BRDA:57,6,1,0
BRDA:62,7,0,0
BRDA:62,7,1,0
BRDA:63,8,0,0
BRDA:63,8,1,0
BRDA:66,9,0,0
BRDA:66,9,1,0
BRDA:86,10,0,0
BRDA:86,10,1,0
BRDA:97,11,0,0
BRDA:97,11,1,0
BRDA:106,12,0,0
BRDA:106,12,1,0
BRDA:108,13,0,0
BRDA:108,13,1,0
BRDA:110,14,0,0
BRDA:110,14,1,0
BRDA:114,15,0,0
BRDA:114,15,1,0
BRDA:118,16,0,0
BRDA:118,16,1,0
BRDA:127,17,0,0
BRDA:127,17,1,0
BRDA:140,18,0,0
BRDA:140,18,1,0
BRDA:143,19,0,0
BRDA:143,19,1,0
BRDA:143,20,0,0
BRDA:143,20,1,0
BRDA:150,21,0,0
BRDA:150,21,1,0
BRDA:155,22,0,0
BRDA:155,22,1,0
BRDA:155,23,0,0
BRDA:155,23,1,0
BRDA:155,23,2,0
BRDA:157,24,0,0
BRDA:157,24,1,0
BRDA:159,25,0,0
BRDA:159,25,1,0
BRDA:163,26,0,0
BRDA:163,26,1,0
BRDA:167,27,0,0
BRDA:167,27,1,0
BRDA:176,28,0,0
BRDA:176,28,1,0
BRDA:187,29,0,0
BRDA:187,29,1,0
BRDA:190,30,0,0
BRDA:190,30,1,0
BRDA:190,31,0,0
BRDA:190,31,1,0
BRF:65
BRH:0
end_of_record
TN:
SF:controllers\repairController.js
FN:6,(anonymous_0)
FN:52,(anonymous_1)
FN:91,(anonymous_2)
FN:104,(anonymous_3)
FN:145,(anonymous_4)
FN:195,(anonymous_5)
FNF:6
FNH:0
FNDA:0,(anonymous_0)
FNDA:0,(anonymous_1)
FNDA:0,(anonymous_2)
FNDA:0,(anonymous_3)
FNDA:0,(anonymous_4)
FNDA:0,(anonymous_5)
DA:6,0
DA:7,0
DA:8,0
DA:10,0
DA:11,0
DA:12,0
DA:15,0
DA:27,0
DA:30,0
DA:31,0
DA:32,0
DA:33,0
DA:34,0
DA:40,0
DA:41,0
DA:45,0
DA:47,0
DA:52,0
DA:53,0
DA:54,0
DA:57,0
DA:59,0
DA:60,0
DA:63,0
DA:67,0
DA:68,0
DA:69,0
DA:72,0
DA:73,0
DA:79,0
DA:84,0
DA:86,0
DA:91,0
DA:92,0
DA:93,0
DA:97,0
DA:98,0
DA:100,0
DA:104,0
DA:105,0
DA:106,0
DA:108,0
DA:110,0
DA:112,0
DA:114,0
DA:115,0
DA:118,0
DA:119,0
DA:120,0
DA:121,0
DA:122,0
DA:123,0
DA:125,0
DA:131,0
DA:132,0
DA:134,0
DA:135,0
DA:139,0
DA:141,0
DA:145,0
DA:146,0
DA:147,0
DA:148,0
DA:150,0
DA:153,0
DA:156,0
DA:160,0
DA:162,0
DA:164,0
DA:167,0
DA:168,0
DA:169,0
DA:170,0
DA:171,0
DA:172,0
DA:174,0
DA:180,0
DA:181,0
DA:183,0
DA:184,0
DA:188,0
DA:190,0
DA:195,0
DA:196,0
DA:197,0
DA:198,0
DA:201,0
DA:202,0
DA:205,0
DA:206,0
DA:208,0
LF:91
LH:0
BRDA:11,0,0,0
BRDA:11,0,1,0
BRDA:30,1,0,0
BRDA:30,1,1,0
BRDA:32,2,0,0
BRDA:32,2,1,0
BRDA:37,3,0,0
BRDA:37,3,1,0
BRDA:37,4,0,0
BRDA:37,4,1,0
BRDA:57,5,0,0
BRDA:57,5,1,0
BRDA:59,6,0,0
BRDA:59,6,1,0
BRDA:67,7,0,0
BRDA:67,7,1,0
BRDA:68,8,0,0
BRDA:68,8,1,0
BRDA:69,9,0,0
BRDA:69,9,1,0
BRDA:72,10,0,0
BRDA:72,10,1,0
BRDA:97,11,0,0
BRDA:97,11,1,0
BRDA:110,12,0,0
BRDA:110,12,1,0
BRDA:112,13,0,0
BRDA:112,13,1,0
BRDA:118,14,0,0
BRDA:118,14,1,0
BRDA:120,15,0,0
BRDA:120,15,1,0
BRDA:122,16,0,0
BRDA:122,16,1,0
BRDA:123,17,0,0
BRDA:123,17,1,0
BRDA:127,18,0,0
BRDA:127,18,1,0
BRDA:131,19,0,0
BRDA:131,19,1,0
BRDA:132,20,0,0
BRDA:132,20,1,0
BRDA:150,21,0,0
BRDA:150,21,1,0
BRDA:153,22,0,0
BRDA:153,22,1,0
BRDA:153,23,0,0
BRDA:153,23,1,0
BRDA:153,23,2,0
BRDA:162,24,0,0
BRDA:162,24,1,0
BRDA:167,25,0,0
BRDA:167,25,1,0
BRDA:167,26,0,0
BRDA:167,26,1,0
BRDA:167,26,2,0
BRDA:169,27,0,0
BRDA:169,27,1,0
BRDA:171,28,0,0
BRDA:171,28,1,0
BRDA:172,29,0,0
BRDA:172,29,1,0
BRDA:176,30,0,0
BRDA:176,30,1,0
BRDA:180,31,0,0
BRDA:180,31,1,0
BRDA:181,32,0,0
BRDA:181,32,1,0
BRDA:198,33,0,0
BRDA:198,33,1,0
BRDA:201,34,0,0
BRDA:201,34,1,0
BRDA:201,35,0,0
BRDA:201,35,1,0
BRF:74
BRH:0
end_of_record
TN:
SF:controllers\userController.js
FN:16,(anonymous_0)
FN:32,(anonymous_1)
FN:38,(anonymous_2)
FN:39,(anonymous_3)
FN:128,(anonymous_4)
FN:134,(anonymous_5)
FN:135,(anonymous_6)
FN:140,(anonymous_7)
FN:149,(anonymous_8)
FN:240,(anonymous_9)
FN:282,(anonymous_10)
FN:333,(anonymous_11)
FN:419,(anonymous_12)
FN:435,(anonymous_13)
FN:470,(anonymous_14)
FN:488,(anonymous_15)
FN:499,(anonymous_16)
FN:519,(anonymous_17)
FN:545,(anonymous_18)
FN:567,(anonymous_19)
FN:587,(anonymous_20)
FN:607,(anonymous_21)
FN:629,(anonymous_22)
FN:649,(anonymous_23)
FN:687,(anonymous_24)
FN:703,(anonymous_25)
FN:751,(anonymous_26)
FN:786,(anonymous_27)
FN:810,(anonymous_28)
FN:836,(anonymous_29)
FN:896,(anonymous_30)
FN:993,(anonymous_31)
FN:1041,(anonymous_32)
FN:1057,isAdmin
FN:1065,(anonymous_34)
FN:1087,(anonymous_35)
FNF:36
FNH:0
FNDA:0,(anonymous_0)
FNDA:0,(anonymous_1)
FNDA:0,(anonymous_2)
FNDA:0,(anonymous_3)
FNDA:0,(anonymous_4)
FNDA:0,(anonymous_5)
FNDA:0,(anonymous_6)
FNDA:0,(anonymous_7)
FNDA:0,(anonymous_8)
FNDA:0,(anonymous_9)
FNDA:0,(anonymous_10)
FNDA:0,(anonymous_11)
FNDA:0,(anonymous_12)
FNDA:0,(anonymous_13)
FNDA:0,(anonymous_14)
FNDA:0,(anonymous_15)
FNDA:0,(anonymous_16)
FNDA:0,(anonymous_17)
FNDA:0,(anonymous_18)
FNDA:0,(anonymous_19)
FNDA:0,(anonymous_20)
FNDA:0,(anonymous_21)
FNDA:0,(anonymous_22)
FNDA:0,(anonymous_23)
FNDA:0,(anonymous_24)
FNDA:0,(anonymous_25)
FNDA:0,(anonymous_26)
FNDA:0,(anonymous_27)
FNDA:0,(anonymous_28)
FNDA:0,(anonymous_29)
FNDA:0,(anonymous_30)
FNDA:0,(anonymous_31)
FNDA:0,(anonymous_32)
FNDA:0,isAdmin
FNDA:0,(anonymous_34)
FNDA:0,(anonymous_35)
DA:16,0
DA:29,0
DA:32,0
DA:33,0
DA:34,0
DA:35,0
DA:36,0
DA:38,0
DA:39,0
DA:41,0
DA:45,0
DA:46,0
DA:50,0
DA:51,0
DA:52,0
DA:56,0
DA:57,0
DA:61,0
DA:62,0
DA:67,0
DA:68,0
DA:72,0
DA:73,0
DA:78,0
DA:81,0
DA:82,0
DA:83,0
DA:84,0
DA:85,0
DA:86,0
DA:89,0
DA:104,0
DA:105,0
DA:112,0
DA:113,0
DA:126,0
DA:127,0
DA:128,0
DA:129,0
DA:131,0
DA:132,0
DA:134,0
DA:135,0
DA:138,0
DA:139,0
DA:140,0
DA:141,0
DA:142,0
DA:144,0
DA:146,0
DA:147,0
DA:149,0
DA:152,0
DA:183,0
DA:185,0
DA:186,0
DA:189,0
DA:191,0
DA:210,0
DA:211,0
DA:221,0
DA:222,0
DA:224,0
DA:225,0
DA:229,0
DA:231,0
DA:240,0
DA:241,0
DA:243,0
DA:245,0
DA:246,0
DA:249,0
DA:250,0
DA:253,0
DA:254,0
DA:257,0
DA:258,0
DA:261,0
DA:262,0
DA:263,0
DA:264,0
DA:266,0
DA:268,0
DA:282,0
DA:283,0
DA:285,0
DA:286,0
DA:289,0
DA:291,0
DA:292,0
DA:298,0
DA:299,0
DA:302,0
DA:303,0
DA:305,0
DA:306,0
DA:307,0
DA:309,0
DA:310,0
DA:311,0
DA:312,0
DA:313,0
DA:314,0
DA:315,0
DA:317,0
DA:318,0
DA:319,0
DA:321,0
DA:324,0
DA:333,0
DA:334,0
DA:336,0
DA:338,0
DA:339,0
DA:342,0
DA:343,0
DA:346,0
DA:347,0
DA:353,0
DA:355,0
DA:356,0
DA:359,0
DA:360,0
DA:362,0
DA:372,0
DA:385,0
DA:386,0
DA:387,0
DA:388,0
DA:395,0
DA:396,0
DA:403,0
DA:404,0
DA:410,0
DA:419,0
DA:420,0
DA:422,0
DA:424,0
DA:425,0
DA:428,0
DA:435,0
DA:436,0
DA:437,0
DA:439,0
DA:447,0
DA:449,0
DA:450,0
DA:451,0
DA:455,0
DA:456,0
DA:459,0
DA:460,0
DA:469,0
DA:470,0
DA:471,0
DA:472,0
DA:477,0
DA:478,0
DA:487,0
DA:488,0
DA:489,0
DA:490,0
DA:495,0
DA:496,0
DA:498,0
DA:499,0
DA:500,0
DA:501,0
DA:506,0
DA:511,0
DA:519,0
DA:520,0
DA:522,0
DA:524,0
DA:525,0
DA:528,0
DA:529,0
DA:532,0
DA:533,0
DA:538,0
DA:542,0
DA:545,0
DA:567,0
DA:568,0
DA:570,0
DA:576,0
DA:577,0
DA:580,0
DA:587,0
DA:588,0
DA:590,0
DA:592,0
DA:593,0
DA:596,0
DA:597,0
DA:600,0
DA:604,0
DA:607,0
DA:629,0
DA:630,0
DA:632,0
DA:638,0
DA:639,0
DA:642,0
DA:649,0
DA:650,0
DA:652,0
DA:654,0
DA:655,0
DA:656,0
DA:658,0
DA:659,0
DA:666,0
DA:672,0
DA:674,0
DA:687,0
DA:688,0
DA:690,0
DA:692,0
DA:693,0
DA:696,0
DA:703,0
DA:704,0
DA:705,0
DA:707,0
DA:708,0
DA:709,0
DA:712,0
DA:713,0
DA:714,0
DA:716,0
DA:717,0
DA:718,0
DA:721,0
DA:722,0
DA:723,0
DA:726,0
DA:727,0
DA:728,0
DA:730,0
DA:732,0
DA:733,0
DA:736,0
DA:751,0
DA:752,0
DA:755,0
DA:756,0
DA:757,0
DA:761,0
DA:762,0
DA:766,0
DA:769,0
DA:770,0
DA:776,0
DA:779,0
DA:786,0
DA:787,0
DA:789,0
DA:790,0
DA:791,0
DA:794,0
DA:795,0
DA:797,0
DA:803,0
DA:810,0
DA:811,0
DA:813,0
DA:814,0
DA:815,0
DA:818,0
DA:819,0
DA:821,0
DA:827,0
DA:836,0
DA:837,0
DA:839,0
DA:840,0
DA:843,0
DA:846,0
DA:847,0
DA:855,0
DA:856,0
DA:859,0
DA:860,0
DA:861,0
DA:864,0
DA:865,0
DA:866,0
DA:867,0
DA:868,0
DA:869,0
DA:870,0
DA:871,0
DA:873,0
DA:875,0
DA:876,0
DA:878,0
DA:884,0
DA:887,0
DA:896,0
DA:897,0
DA:900,0
DA:901,0
DA:904,0
DA:905,0
DA:909,0
DA:910,0
DA:914,0
DA:915,0
DA:917,0
DA:918,0
DA:923,0
DA:924,0
DA:929,0
DA:930,0
DA:932,0
DA:933,0
DA:940,0
DA:942,0
DA:943,0
DA:947,0
DA:948,0
DA:955,0
DA:956,0
DA:960,0
DA:961,0
DA:965,0
DA:966,0
DA:967,0
DA:974,0
DA:975,0
DA:978,0
DA:979,0
DA:981,0
DA:983,0
DA:985,0
DA:993,0
DA:994,0
DA:996,0
DA:997,0
DA:1000,0
DA:1002,0
DA:1003,0
DA:1011,0
DA:1012,0
DA:1014,0
DA:1015,0
DA:1016,0
DA:1018,0
DA:1019,0
DA:1020,0
DA:1021,0
DA:1022,0
DA:1023,0
DA:1025,0
DA:1026,0
DA:1027,0
DA:1032,0
DA:1041,0
DA:1042,0
DA:1044,0
DA:1045,0
DA:1048,0
DA:1050,0
DA:1058,0
DA:1059,0
DA:1061,0
DA:1065,0
DA:1066,0
DA:1067,0
DA:1070,0
DA:1072,0
DA:1078,0
DA:1087,0
DA:1088,0
DA:1090,0
DA:1091,0
DA:1095,0
DA:1096,0
DA:1099,0
DA:1100,0
DA:1104,0
DA:1105,0
DA:1107,0
LF:384
LH:0
BRDA:33,0,0,0
BRDA:33,0,1,0
BRDA:34,1,0,0
BRDA:34,1,1,0
BRDA:35,2,0,0
BRDA:35,2,1,0
BRDA:45,3,0,0
BRDA:45,3,1,0
BRDA:45,4,0,0
BRDA:45,4,1,0
BRDA:45,4,2,0
BRDA:45,4,3,0
BRDA:45,4,4,0
BRDA:45,4,5,0
BRDA:51,5,0,0
BRDA:51,5,1,0
BRDA:51,6,0,0
BRDA:51,6,1,0
BRDA:56,7,0,0
BRDA:56,7,1,0
BRDA:56,8,0,0
BRDA:56,8,1,0
BRDA:61,9,0,0
BRDA:61,9,1,0
BRDA:67,10,0,0
BRDA:67,10,1,0
BRDA:67,11,0,0
BRDA:67,11,1,0
BRDA:72,12,0,0
BRDA:72,12,1,0
BRDA:96,13,0,0
BRDA:96,13,1,0
BRDA:104,14,0,0
BRDA:104,14,1,0
BRDA:104,15,0,0
BRDA:104,15,1,0
BRDA:112,16,0,0
BRDA:112,16,1,0
BRDA:112,17,0,0
BRDA:112,17,1,0
BRDA:127,18,0,0
BRDA:127,18,1,0
BRDA:131,19,0,0
BRDA:131,19,1,0
BRDA:139,20,0,0
BRDA:139,20,1,0
BRDA:141,21,0,0
BRDA:141,21,1,0
BRDA:146,22,0,0
BRDA:146,22,1,0
BRDA:153,23,0,0
BRDA:153,23,1,0
BRDA:154,24,0,0
BRDA:154,24,1,0
BRDA:159,25,0,0
BRDA:159,25,1,0
BRDA:160,26,0,0
BRDA:160,26,1,0
BRDA:161,27,0,0
BRDA:161,27,1,0
BRDA:162,28,0,0
BRDA:162,28,1,0
BRDA:163,29,0,0
BRDA:163,29,1,0
BRDA:165,30,0,0
BRDA:165,30,1,0
BRDA:174,31,0,0
BRDA:174,31,1,0
BRDA:175,32,0,0
BRDA:175,32,1,0
BRDA:183,33,0,0
BRDA:183,33,1,0
BRDA:183,34,0,0
BRDA:183,34,1,0
BRDA:192,35,0,0
BRDA:192,35,1,0
BRDA:193,36,0,0
BRDA:193,36,1,0
BRDA:199,37,0,0
BRDA:199,37,1,0
BRDA:200,38,0,0
BRDA:200,38,1,0
BRDA:201,39,0,0
BRDA:201,39,1,0
BRDA:204,40,0,0
BRDA:204,40,1,0
BRDA:210,41,0,0
BRDA:210,41,1,0
BRDA:210,42,0,0
BRDA:210,42,1,0
BRDA:212,43,0,0
BRDA:212,43,1,0
BRDA:213,44,0,0
BRDA:213,44,1,0
BRDA:214,45,0,0
BRDA:214,45,1,0
BRDA:215,46,0,0
BRDA:215,46,1,0
BRDA:216,47,0,0
BRDA:216,47,1,0
BRDA:221,48,0,0
BRDA:221,48,1,0
BRDA:221,49,0,0
BRDA:221,49,1,0
BRDA:245,50,0,0
BRDA:245,50,1,0
BRDA:249,51,0,0
BRDA:249,51,1,0
BRDA:253,52,0,0
BRDA:253,52,1,0
BRDA:257,53,0,0
BRDA:257,53,1,0
BRDA:285,54,0,0
BRDA:285,54,1,0
BRDA:291,55,0,0
BRDA:291,55,1,0
BRDA:298,56,0,0
BRDA:298,56,1,0
BRDA:328,57,0,0
BRDA:328,57,1,0
BRDA:338,58,0,0
BRDA:338,58,1,0
BRDA:342,59,0,0
BRDA:342,59,1,0
BRDA:346,60,0,0
BRDA:346,60,1,0
BRDA:355,61,0,0
BRDA:355,61,1,0
BRDA:385,62,0,0
BRDA:385,62,1,0
BRDA:387,63,0,0
BRDA:387,63,1,0
BRDA:395,64,0,0
BRDA:395,64,1,0
BRDA:403,65,0,0
BRDA:403,65,1,0
BRDA:424,66,0,0
BRDA:424,66,1,0
BRDA:450,67,0,0
BRDA:450,67,1,0
BRDA:455,68,0,0
BRDA:455,68,1,0
BRDA:455,69,0,0
BRDA:455,69,1,0
BRDA:459,70,0,0
BRDA:459,70,1,0
BRDA:459,71,0,0
BRDA:459,71,1,0
BRDA:471,72,0,0
BRDA:471,72,1,0
BRDA:477,73,0,0
BRDA:477,73,1,0
BRDA:477,74,0,0
BRDA:477,74,1,0
BRDA:489,75,0,0
BRDA:489,75,1,0
BRDA:495,76,0,0
BRDA:495,76,1,0
BRDA:495,77,0,0
BRDA:495,77,1,0
BRDA:500,78,0,0
BRDA:500,78,1,0
BRDA:524,79,0,0
BRDA:524,79,1,0
BRDA:528,80,0,0
BRDA:528,80,1,0
BRDA:532,81,0,0
BRDA:532,81,1,0
BRDA:576,82,0,0
BRDA:576,82,1,0
BRDA:592,83,0,0
BRDA:592,83,1,0
BRDA:596,84,0,0
BRDA:596,84,1,0
BRDA:638,85,0,0
BRDA:638,85,1,0
BRDA:650,86,0,0
BRDA:650,87,0,0
BRDA:654,88,0,0
BRDA:654,88,1,0
BRDA:655,89,0,0
BRDA:655,89,1,0
BRDA:658,90,0,0
BRDA:658,90,1,0
BRDA:692,91,0,0
BRDA:692,91,1,0
BRDA:708,92,0,0
BRDA:708,92,1,0
BRDA:716,93,0,0
BRDA:716,93,1,0
BRDA:716,94,0,0
BRDA:716,94,1,0
BRDA:721,95,0,0
BRDA:721,95,1,0
BRDA:721,96,0,0
BRDA:721,96,1,0
BRDA:723,97,0,0
BRDA:723,97,1,0
BRDA:726,98,0,0
BRDA:726,98,1,0
BRDA:727,99,0,0
BRDA:727,99,1,0
BRDA:728,100,0,0
BRDA:728,100,1,0
BRDA:732,101,0,0
BRDA:732,101,1,0
BRDA:756,102,0,0
BRDA:756,102,1,0
BRDA:761,103,0,0
BRDA:761,103,1,0
BRDA:790,104,0,0
BRDA:790,104,1,0
BRDA:814,105,0,0
BRDA:814,105,1,0
BRDA:839,106,0,0
BRDA:839,106,1,0
BRDA:846,107,0,0
BRDA:846,107,1,0
BRDA:846,108,0,0
BRDA:846,108,1,0
BRDA:890,109,0,0
BRDA:890,109,1,0
BRDA:900,110,0,0
BRDA:900,110,1,0
BRDA:900,111,0,0
BRDA:900,111,1,0
BRDA:904,112,0,0
BRDA:904,112,1,0
BRDA:904,113,0,0
BRDA:904,113,1,0
BRDA:909,114,0,0
BRDA:909,114,1,0
BRDA:914,115,0,0
BRDA:914,115,1,0
BRDA:917,116,0,0
BRDA:917,116,1,0
BRDA:923,117,0,0
BRDA:923,117,1,0
BRDA:929,118,0,0
BRDA:929,118,1,0
BRDA:932,119,0,0
BRDA:932,119,1,0
BRDA:942,120,0,0
BRDA:942,120,1,0
BRDA:947,121,0,0
BRDA:947,121,1,0
BRDA:955,122,0,0
BRDA:955,122,1,0
BRDA:960,123,0,0
BRDA:960,123,1,0
BRDA:966,124,0,0
BRDA:966,124,1,0
BRDA:996,125,0,0
BRDA:996,125,1,0
BRDA:1002,126,0,0
BRDA:1002,126,1,0
BRDA:1002,127,0,0
BRDA:1002,127,1,0
BRDA:1035,128,0,0
BRDA:1035,128,1,0
BRDA:1044,129,0,0
BRDA:1044,129,1,0
BRDA:1058,130,0,0
BRDA:1058,130,1,0
BRDA:1066,131,0,0
BRDA:1066,131,1,0
BRDA:1090,132,0,0
BRDA:1090,132,1,0
BRDA:1090,133,0,0
BRDA:1090,133,1,0
BRDA:1099,134,0,0
BRDA:1099,134,1,0
BRF:272
BRH:0
end_of_record
TN:
SF:middleware\auth.js
FN:5,authenticate
FN:36,isCustomer
FN:54,isProvider
FN:72,isRecycler
FN:90,isAdmin
FN:110,isCustomerOrProvider
FN:128,isProviderOrRecycler
FN:146,isAdminOrOwner
FN:169,hasPermission
FN:170,(anonymous_9)
FN:190,optionalAuth
FNF:11
FNH:0
FNDA:0,authenticate
FNDA:0,isCustomer
FNDA:0,isProvider
FNDA:0,isRecycler
FNDA:0,isAdmin
FNDA:0,isCustomerOrProvider
FNDA:0,isProviderOrRecycler
FNDA:0,isAdminOrOwner
FNDA:0,hasPermission
FNDA:0,(anonymous_9)
FNDA:0,optionalAuth
DA:6,0
DA:8,0
DA:9,0
DA:15,0
DA:16,0
DA:17,0
DA:18,0
DA:20,0
DA:21,0
DA:26,0
DA:37,0
DA:38,0
DA:44,0
DA:45,0
DA:50,0
DA:55,0
DA:56,0
DA:62,0
DA:63,0
DA:68,0
DA:73,0
DA:74,0
DA:80,0
DA:81,0
DA:86,0
DA:91,0
DA:92,0
DA:98,0
DA:99,0
DA:104,0
DA:111,0
DA:112,0
DA:118,0
DA:119,0
DA:124,0
DA:129,0
DA:130,0
DA:136,0
DA:137,0
DA:142,0
DA:147,0
DA:148,0
DA:154,0
DA:156,0
DA:157,0
DA:159,0
DA:170,0
DA:171,0
DA:172,0
DA:178,0
DA:179,0
DA:185,0
DA:191,0
DA:193,0
DA:194,0
DA:195,0
DA:196,0
DA:198,0
DA:201,0
LF:59
LH:0
BRDA:8,0,0,0
BRDA:8,0,1,0
BRDA:20,1,0,0
BRDA:20,1,1,0
BRDA:37,2,0,0
BRDA:37,2,1,0
BRDA:44,3,0,0
BRDA:44,3,1,0
BRDA:55,4,0,0
BRDA:55,4,1,0
BRDA:62,5,0,0
BRDA:62,5,1,0
BRDA:73,6,0,0
BRDA:73,6,1,0
BRDA:80,7,0,0
BRDA:80,7,1,0
BRDA:91,8,0,0
BRDA:91,8,1,0
BRDA:98,9,0,0
BRDA:98,9,1,0
BRDA:111,10,0,0
BRDA:111,10,1,0
BRDA:118,11,0,0
BRDA:118,11,1,0
BRDA:118,12,0,0
BRDA:118,12,1,0
BRDA:129,13,0,0
BRDA:129,13,1,0
BRDA:136,14,0,0
BRDA:136,14,1,0
BRDA:136,15,0,0
BRDA:136,15,1,0
BRDA:147,16,0,0
BRDA:147,16,1,0
BRDA:154,17,0,0
BRDA:154,17,1,0
BRDA:156,18,0,0
BRDA:156,18,1,0
BRDA:156,19,0,0
BRDA:156,19,1,0
BRDA:171,20,0,0
BRDA:171,20,1,0
BRDA:178,21,0,0
BRDA:178,21,1,0
BRDA:193,22,0,0
BRDA:193,22,1,0
BRF:46
BRH:0
end_of_record
TN:
SF:middleware\authMiddleware.js
FN:1,(anonymous_0)
FN:10,(anonymous_1)
FN:11,(anonymous_2)
FNF:3
FNH:0
FNDA:0,(anonymous_0)
FNDA:0,(anonymous_1)
FNDA:0,(anonymous_2)
DA:1,0
DA:2,0
DA:3,0
DA:7,0
DA:10,0
DA:11,0
DA:12,0
DA:13,0
DA:15,0
DA:16,0
DA:18,0
LF:11
LH:0
BRDA:2,0,0,0
BRDA:2,0,1,0
BRDA:10,1,0,0
BRDA:12,2,0,0
BRDA:12,2,1,0
BRDA:15,3,0,0
BRDA:15,3,1,0
BRDA:15,4,0,0
BRDA:15,4,1,0
BRF:9
BRH:0
end_of_record
TN:
SF:middleware\errorHandler.js
FN:2,(anonymous_0)
FN:10,(anonymous_1)
FN:11,(anonymous_2)
FN:16,(anonymous_3)
FN:36,(anonymous_4)
FN:80,(anonymous_5)
FNF:6
FNH:0
FNDA:0,(anonymous_0)
FNDA:0,(anonymous_1)
FNDA:0,(anonymous_2)
FNDA:0,(anonymous_3)
FNDA:0,(anonymous_4)
FNDA:0,(anonymous_5)
DA:3,0
DA:4,0
DA:5,0
DA:6,0
DA:10,0
DA:11,0
DA:12,0
DA:16,0
DA:17,0
DA:18,0
DA:20,0
DA:21,0
DA:27,0
DA:28,0
DA:29,0
DA:35,0
DA:36,0
DA:37,0
DA:44,0
DA:45,0
DA:51,0
DA:52,0
DA:58,0
DA:59,0
DA:65,0
DA:66,0
DA:72,0
DA:80,0
DA:81,0
LF:29
LH:0
BRDA:20,0,0,0
BRDA:20,0,1,0
BRDA:27,1,0,0
BRDA:27,1,1,0
BRDA:35,2,0,0
BRDA:35,2,1,0
BRDA:44,3,0,0
BRDA:44,3,1,0
BRDA:51,4,0,0
BRDA:51,4,1,0
BRDA:58,5,0,0
BRDA:58,5,1,0
BRDA:65,6,0,0
BRDA:65,6,1,0
BRDA:72,7,0,0
BRDA:72,7,1,0
BRF:16
BRH:0
end_of_record
TN:
SF:middleware\roleMiddleware.js
FN:2,(anonymous_0)
FNF:1
FNH:0
FNDA:0,(anonymous_0)
DA:2,0
DA:4,0
DA:5,0
DA:8,0
DA:9,0
DA:12,0
LF:6
LH:0
BRDA:4,0,0,0
BRDA:4,0,1,0
BRDA:8,1,0,0
BRDA:8,1,1,0
BRF:4
BRH:0
end_of_record
TN:
SF:middleware\uploadMiddleware.js
FN:10,(anonymous_0)
FN:13,(anonymous_1)
FN:19,(anonymous_2)
FNF:3
FNH:0
FNDA:0,(anonymous_0)
FNDA:0,(anonymous_1)
FNDA:0,(anonymous_2)
DA:5,0
DA:6,0
DA:9,0
DA:11,0
DA:14,0
DA:15,0
DA:19,0
DA:20,0
DA:21,0
DA:24,0
DA:26,0
DA:27,0
DA:29,0
DA:33,0
DA:39,0
DA:40,0
LF:16
LH:0
BRDA:26,0,0,0
BRDA:26,0,1,0
BRDA:26,1,0,0
BRDA:26,1,1,0
BRF:4
BRH:0
end_of_record
TN:
SF:middleware\validationMiddleware.js
FN:10,(anonymous_0)
FN:17,(anonymous_1)
FN:25,(anonymous_2)
FN:32,(anonymous_3)
FN:40,(anonymous_4)
FN:71,(anonymous_5)
FN:78,(anonymous_6)
FN:86,(anonymous_7)
FN:93,(anonymous_8)
FN:101,(anonymous_9)
FN:182,(anonymous_10)
FNF:11
FNH:0
FNDA:0,(anonymous_0)
FNDA:0,(anonymous_1)
FNDA:0,(anonymous_2)
FNDA:0,(anonymous_3)
FNDA:0,(anonymous_4)
FNDA:0,(anonymous_5)
FNDA:0,(anonymous_6)
FNDA:0,(anonymous_7)
FNDA:0,(anonymous_8)
FNDA:0,(anonymous_9)
FNDA:0,(anonymous_10)
DA:10,0
DA:11,0
DA:13,0
DA:14,0
DA:17,0
DA:21,0
DA:25,0
DA:26,0
DA:28,0
DA:29,0
DA:32,0
DA:36,0
DA:40,0
DA:41,0
DA:42,0
DA:45,0
DA:46,0
DA:47,0
DA:54,0
DA:55,0
DA:56,0
DA:59,0
DA:60,0
DA:67,0
DA:71,0
DA:72,0
DA:74,0
DA:75,0
DA:78,0
DA:82,0
DA:86,0
DA:87,0
DA:89,0
DA:90,0
DA:93,0
DA:97,0
DA:101,0
DA:102,0
DA:103,0
DA:106,0
DA:107,0
DA:108,0
DA:115,0
DA:116,0
DA:117,0
DA:118,0
DA:122,0
DA:123,0
DA:125,0
DA:126,0
DA:131,0
DA:132,0
DA:137,0
DA:138,0
DA:143,0
DA:144,0
DA:149,0
DA:150,0
DA:158,0
DA:159,0
DA:163,0
DA:164,0
DA:170,0
DA:171,0
DA:178,0
DA:182,0
DA:183,0
DA:184,0
DA:186,0
DA:187,0
DA:188,0
DA:194,0
DA:195,0
DA:202,0
LF:74
LH:0
BRDA:13,0,0,0
BRDA:13,0,1,0
BRDA:28,1,0,0
BRDA:28,1,1,0
BRDA:46,2,0,0
BRDA:46,2,1,0
BRDA:46,3,0,0
BRDA:46,3,1,0
BRDA:55,4,0,0
BRDA:55,4,1,0
BRDA:59,5,0,0
BRDA:59,5,1,0
BRDA:74,6,0,0
BRDA:74,6,1,0
BRDA:89,7,0,0
BRDA:89,7,1,0
BRDA:107,8,0,0
BRDA:107,8,1,0
BRDA:107,9,0,0
BRDA:107,9,1,0
BRDA:115,10,0,0
BRDA:115,10,1,0
BRDA:117,11,0,0
BRDA:117,11,1,0
BRDA:117,12,0,0
BRDA:117,12,1,0
BRDA:122,13,0,0
BRDA:122,13,1,0
BRDA:125,14,0,0
BRDA:125,14,1,0
BRDA:131,15,0,0
BRDA:131,15,1,0
BRDA:137,16,0,0
BRDA:137,16,1,0
BRDA:143,17,0,0
BRDA:143,17,1,0
BRDA:149,18,0,0
BRDA:149,18,1,0
BRDA:158,19,0,0
BRDA:158,19,1,0
BRDA:163,20,0,0
BRDA:163,20,1,0
BRDA:170,21,0,0
BRDA:170,21,1,0
BRDA:187,22,0,0
BRDA:187,22,1,0
BRDA:187,23,0,0
BRDA:187,23,1,0
BRDA:194,24,0,0
BRDA:194,24,1,0
BRF:50
BRH:0
end_of_record
TN:
SF:utils\emailService.js
FN:10,sendEmail
FN:57,sendWelcomeEmail
FN:127,getRoleFeatures
FN:158,sendLoginNotification
FN:223,sendStatusChangeEmail
FN:277,sendTestEmail
FN:351,sendOTPEmail
FN:400,sendPasswordResetOTPEmail
FNF:8
FNH:0
FNDA:0,sendEmail
FNDA:0,sendWelcomeEmail
FNDA:0,getRoleFeatures
FNDA:0,sendLoginNotification
FNDA:0,sendStatusChangeEmail
FNDA:0,sendTestEmail
FNDA:0,sendOTPEmail
FNDA:0,sendPasswordResetOTPEmail
DA:4,0
DA:7,0
DA:16,0
DA:17,0
DA:28,0
DA:29,0
DA:30,0
DA:32,0
DA:38,0
DA:42,0
DA:43,0
DA:48,0
DA:49,0
DA:52,0
DA:58,0
DA:61,0
DA:68,0
DA:70,0
DA:119,0
DA:128,0
DA:154,0
DA:159,0
DA:161,0
DA:163,0
DA:215,0
DA:224,0
DA:226,0
DA:269,0
DA:278,0
DA:280,0
DA:343,0
DA:352,0
DA:354,0
DA:392,0
DA:401,0
DA:403,0
DA:516,0
LF:37
LH:0
BRDA:14,0,0,0
BRDA:34,1,0,0
BRDA:34,1,1,0
BRDA:38,2,0,0
BRDA:38,2,1,0
BRDA:39,3,0,0
BRDA:39,3,1,0
BRDA:48,4,0,0
BRDA:48,4,1,0
BRDA:57,5,0,0
BRDA:68,6,0,0
BRDA:68,6,1,0
BRDA:107,7,0,0
BRDA:107,7,1,0
BRDA:154,8,0,0
BRDA:154,8,1,0
BRDA:196,9,0,0
BRDA:196,9,1,0
BRDA:204,10,0,0
BRDA:204,10,1,0
BRDA:257,11,0,0
BRDA:257,11,1,0
BRF:22
BRH:0
end_of_record
TN:
SF:utils\otpService.js
FN:10,(anonymous_0)
FN:15,(anonymous_1)
FN:22,(anonymous_2)
FN:31,(anonymous_3)
FN:170,(anonymous_4)
FN:192,(anonymous_5)
FN:193,(anonymous_6)
FN:207,(anonymous_7)
FN:209,(anonymous_8)
FNF:9
FNH:0
FNDA:0,(anonymous_0)
FNDA:0,(anonymous_1)
FNDA:0,(anonymous_2)
FNDA:0,(anonymous_3)
FNDA:0,(anonymous_4)
FNDA:0,(anonymous_5)
FNDA:0,(anonymous_6)
FNDA:0,(anonymous_7)
FNDA:0,(anonymous_8)
DA:5,0
DA:7,0
DA:10,0
DA:11,0
DA:15,0
DA:16,0
DA:17,0
DA:18,0
DA:22,0
DA:23,0
DA:31,0
DA:38,0
DA:65,0
DA:67,0
DA:140,0
DA:141,0
DA:142,0
DA:143,0
DA:149,0
DA:155,0
DA:156,0
DA:157,0
DA:158,0
DA:161,0
DA:170,0
DA:171,0
DA:172,0
DA:179,0
DA:180,0
DA:186,0
DA:192,0
DA:193,0
DA:194,0
DA:202,0
DA:204,0
DA:207,0
DA:209,0
DA:213,0
DA:216,0
LF:39
LH:0
BRDA:15,0,0,0
BRDA:22,1,0,0
BRDA:35,2,0,0
BRDA:65,3,0,0
BRDA:65,3,1,0
BRDA:151,4,0,0
BRDA:151,4,1,0
BRDA:155,5,0,0
BRDA:155,5,1,0
BRDA:157,6,0,0
BRDA:157,6,1,0
BRDA:171,7,0,0
BRDA:171,7,1,0
BRDA:179,8,0,0
BRDA:179,8,1,0
BRDA:207,9,0,0
BRDA:207,9,1,0
BRDA:209,10,0,0
BRDA:209,10,1,0
BRF:19
BRH:0
end_of_record
TN:
SF:utils\validation.js
FN:1,(anonymous_0)
FN:18,(anonymous_1)
FN:62,(anonymous_2)
FN:80,(anonymous_3)
FN:104,(anonymous_4)
FN:121,(anonymous_5)
FN:133,(anonymous_6)
FN:195,(anonymous_7)
FN:218,(anonymous_8)
FN:252,(anonymous_9)
FNF:10
FNH:0
FNDA:0,(anonymous_0)
FNDA:0,(anonymous_1)
FNDA:0,(anonymous_2)
FNDA:0,(anonymous_3)
FNDA:0,(anonymous_4)
FNDA:0,(anonymous_5)
FNDA:0,(anonymous_6)
FNDA:0,(anonymous_7)
FNDA:0,(anonymous_8)
FNDA:0,(anonymous_9)
DA:1,0
DA:2,0
DA:3,0
DA:6,0
DA:8,0
DA:9,0
DA:15,0
DA:18,0
DA:19,0
DA:20,0
DA:23,0
DA:24,0
DA:30,0
DA:31,0
DA:37,0
DA:38,0
DA:44,0
DA:45,0
DA:51,0
DA:52,0
DA:59,0
DA:62,0
DA:63,0
DA:64,0
DA:67,0
DA:69,0
DA:70,0
DA:77,0
DA:80,0
DA:81,0
DA:82,0
DA:85,0
DA:87,0
DA:88,0
DA:94,0
DA:95,0
DA:101,0
DA:104,0
DA:105,0
DA:107,0
DA:108,0
DA:111,0
DA:112,0
DA:118,0
DA:121,0
DA:122,0
DA:123,0
DA:126,0
DA:127,0
DA:130,0
DA:133,0
DA:134,0
DA:136,0
DA:137,0
DA:139,0
DA:140,0
DA:142,0
DA:143,0
DA:145,0
DA:146,0
DA:148,0
DA:149,0
DA:151,0
DA:152,0
DA:154,0
DA:155,0
DA:156,0
DA:158,0
DA:159,0
DA:161,0
DA:162,0
DA:164,0
DA:165,0
DA:170,0
DA:171,0
DA:172,0
DA:174,0
DA:175,0
DA:177,0
DA:178,0
DA:180,0
DA:181,0
DA:188,0
DA:195,0
DA:196,0
DA:198,0
DA:199,0
DA:201,0
DA:202,0
DA:203,0
DA:207,0
DA:208,0
DA:211,0
DA:218,0
DA:219,0
DA:221,0
DA:222,0
DA:226,0
DA:230,0
DA:231,0
DA:232,0
DA:236,0
DA:237,0
DA:238,0
DA:239,0
DA:245,0
DA:252,0
DA:253,0
DA:255,0
DA:256,0
DA:258,0
DA:259,0
DA:260,0
DA:264,0
LF:114
LH:0
BRDA:2,0,0,0
BRDA:2,0,1,0
BRDA:2,1,0,0
BRDA:2,1,1,0
BRDA:8,2,0,0
BRDA:8,2,1,0
BRDA:19,3,0,0
BRDA:19,3,1,0
BRDA:19,4,0,0
BRDA:19,4,1,0
BRDA:23,5,0,0
BRDA:23,5,1,0
BRDA:30,6,0,0
BRDA:30,6,1,0
BRDA:37,7,0,0
BRDA:37,7,1,0
BRDA:44,8,0,0
BRDA:44,8,1,0
BRDA:51,9,0,0
BRDA:51,9,1,0
BRDA:63,10,0,0
BRDA:63,10,1,0
BRDA:63,11,0,0
BRDA:63,11,1,0
BRDA:69,12,0,0
BRDA:69,12,1,0
BRDA:80,13,0,0
BRDA:81,14,0,0
BRDA:81,14,1,0
BRDA:81,15,0,0
BRDA:81,15,1,0
BRDA:87,16,0,0
BRDA:87,16,1,0
BRDA:94,17,0,0
BRDA:94,17,1,0
BRDA:107,18,0,0
BRDA:107,18,1,0
BRDA:111,19,0,0
BRDA:111,19,1,0
BRDA:122,20,0,0
BRDA:122,20,1,0
BRDA:122,21,0,0
BRDA:122,21,1,0
BRDA:126,22,0,0
BRDA:126,22,1,0
BRDA:126,23,0,0
BRDA:126,23,1,0
BRDA:137,24,0,0
BRDA:137,24,1,0
BRDA:140,25,0,0
BRDA:140,25,1,0
BRDA:143,26,0,0
BRDA:143,26,1,0
BRDA:146,27,0,0
BRDA:146,27,1,0
BRDA:149,28,0,0
BRDA:149,28,1,0
BRDA:152,29,0,0
BRDA:152,29,1,0
BRDA:154,30,0,0
BRDA:154,30,1,0
BRDA:155,31,0,0
BRDA:155,31,1,0
BRDA:158,32,0,0
BRDA:158,32,1,0
BRDA:161,33,0,0
BRDA:161,33,1,0
BRDA:164,34,0,0
BRDA:164,34,1,0
BRDA:170,35,0,0
BRDA:170,35,1,0
BRDA:171,36,0,0
BRDA:171,36,1,0
BRDA:174,37,0,0
BRDA:174,37,1,0
BRDA:177,38,0,0
BRDA:177,38,1,0
BRDA:180,39,0,0
BRDA:180,39,1,0
BRDA:198,40,0,0
BRDA:198,40,1,0
BRDA:198,41,0,0
BRDA:198,41,1,0
BRDA:202,42,0,0
BRDA:202,42,1,0
BRDA:207,43,0,0
BRDA:207,43,1,0
BRDA:207,44,0,0
BRDA:207,44,1,0
BRDA:221,45,0,0
BRDA:221,45,1,0
BRDA:222,46,0,0
BRDA:222,46,1,0
BRDA:223,47,0,0
BRDA:223,47,1,0
BRDA:230,48,0,0
BRDA:230,48,1,0
BRDA:231,49,0,0
BRDA:231,49,1,0
BRDA:231,50,0,0
BRDA:231,50,1,0
BRDA:236,51,0,0
BRDA:236,51,1,0
BRDA:238,52,0,0
BRDA:238,52,1,0
BRDA:255,53,0,0
BRDA:255,53,1,0
BRDA:255,54,0,0
BRDA:255,54,1,0
BRDA:259,55,0,0
BRDA:259,55,1,0
BRF:111
BRH:0
end_of_record
